patching file Documentation/hwlat_detector.txt
patching file Documentation/sysrq.txt
patching file Documentation/trace/histograms.txt
patching file arch/Kconfig
patching file arch/alpha/include/asm/Kbuild
patching file arch/alpha/mm/fault.c
patching file arch/arc/include/asm/Kbuild
patching file arch/arm/Kconfig
patching file arch/arm/include/asm/Kbuild
patching file arch/arm/include/asm/cmpxchg.h
patching file arch/arm/include/asm/futex.h
patching file arch/arm/include/asm/switch_to.h
patching file arch/arm/include/asm/thread_info.h
patching file arch/arm/kernel/asm-offsets.c
patching file arch/arm/kernel/entry-armv.S
patching file arch/arm/kernel/perf_event_cpu.c
patching file arch/arm/kernel/process.c
patching file arch/arm/kernel/signal.c
patching file arch/arm/kernel/unwind.c
patching file arch/arm/kvm/arm.c
patching file arch/arm/kvm/psci.c
patching file arch/arm/mach-at91/at91rm9200_time.c
patching file arch/arm/mach-at91/at91sam926x_time.c
patching file arch/arm/mach-exynos/platsmp.c
patching file arch/arm/mach-msm/platsmp.c
patching file arch/arm/mach-omap2/omap-smp.c
patching file arch/arm/mach-prima2/platsmp.c
patching file arch/arm/mach-spear/platsmp.c
patching file arch/arm/mach-ux500/platsmp.c
patching file arch/arm/mm/fault.c
patching file arch/arm/mm/highmem.c
patching file arch/arm/plat-versatile/platsmp.c
patching file arch/arm64/include/asm/Kbuild
patching file arch/avr32/include/asm/Kbuild
patching file arch/avr32/mm/fault.c
patching file arch/blackfin/include/asm/Kbuild
patching file arch/c6x/include/asm/Kbuild
patching file arch/cris/include/asm/Kbuild
patching file arch/cris/mm/fault.c
patching file arch/frv/include/asm/Kbuild
patching file arch/frv/mm/fault.c
patching file arch/hexagon/include/asm/Kbuild
patching file arch/ia64/include/asm/Kbuild
patching file arch/ia64/mm/fault.c
patching file arch/m32r/include/asm/Kbuild
patching file arch/m32r/mm/fault.c
patching file arch/m68k/include/asm/Kbuild
patching file arch/m68k/mm/fault.c
patching file arch/metag/include/asm/Kbuild
patching file arch/microblaze/include/asm/Kbuild
patching file arch/microblaze/mm/fault.c
patching file arch/mips/Kconfig
patching file arch/mips/include/asm/Kbuild
patching file arch/mips/kernel/signal.c
patching file arch/mips/mm/fault.c
patching file arch/mn10300/include/asm/Kbuild
patching file arch/mn10300/mm/fault.c
patching file arch/openrisc/include/asm/Kbuild
patching file arch/parisc/include/asm/Kbuild
patching file arch/parisc/mm/fault.c
patching file arch/powerpc/Kconfig
patching file arch/powerpc/include/asm/Kbuild
patching file arch/powerpc/include/asm/kvm_host.h
patching file arch/powerpc/include/asm/thread_info.h
patching file arch/powerpc/kernel/asm-offsets.c
patching file arch/powerpc/kernel/entry_32.S
patching file arch/powerpc/kernel/entry_64.S
patching file arch/powerpc/kernel/irq.c
patching file arch/powerpc/kernel/misc_32.S
patching file arch/powerpc/kernel/misc_64.S
patching file arch/powerpc/kernel/time.c
patching file arch/powerpc/kvm/book3s_hv.c
patching file arch/powerpc/mm/fault.c
patching file arch/powerpc/platforms/52xx/mpc52xx_pic.c
patching file arch/powerpc/platforms/8xx/m8xx_setup.c
patching file arch/powerpc/sysdev/cpm1.c
patching file arch/s390/include/asm/Kbuild
patching file arch/s390/include/asm/kvm_host.h
patching file arch/s390/mm/fault.c
patching file arch/score/include/asm/Kbuild
patching file arch/score/mm/fault.c
patching file arch/sh/include/asm/Kbuild
patching file arch/sh/kernel/irq.c
patching file arch/sh/mm/fault.c
patching file arch/sparc/Kconfig
patching file arch/sparc/include/asm/Kbuild
patching file arch/sparc/kernel/irq_64.c
patching file arch/sparc/kernel/setup_32.c
patching file arch/sparc/kernel/setup_64.c
patching file arch/sparc/mm/fault_32.c
patching file arch/sparc/mm/fault_64.c
patching file arch/tile/include/asm/Kbuild
patching file arch/tile/mm/fault.c
patching file arch/um/include/asm/Kbuild
patching file arch/um/kernel/trap.c
patching file arch/unicore32/include/asm/Kbuild
patching file arch/x86/Kconfig
patching file arch/x86/crypto/aesni-intel_glue.c
patching file arch/x86/crypto/cast5_avx_glue.c
patching file arch/x86/crypto/glue_helper.c
patching file arch/x86/include/asm/Kbuild
patching file arch/x86/include/asm/signal.h
patching file arch/x86/include/asm/stackprotector.h
patching file arch/x86/include/asm/thread_info.h
patching file arch/x86/include/asm/uv/uv_bau.h
patching file arch/x86/include/asm/uv/uv_hub.h
patching file arch/x86/kernel/apic/io_apic.c
patching file arch/x86/kernel/apic/x2apic_uv_x.c
patching file arch/x86/kernel/asm-offsets.c
patching file arch/x86/kernel/cpu/mcheck/mce.c
patching file arch/x86/kernel/entry_32.S
patching file arch/x86/kernel/entry_64.S
patching file arch/x86/kernel/irq_32.c
patching file arch/x86/kernel/irq_64.c
patching file arch/x86/kernel/process_32.c
patching file arch/x86/kernel/signal.c
patching file arch/x86/kernel/traps.c
patching file arch/x86/kvm/lapic.c
patching file arch/x86/kvm/x86.c
patching file arch/x86/mm/fault.c
patching file arch/x86/mm/highmem_32.c
patching file arch/x86/mm/iomap_32.c
patching file arch/x86/platform/uv/tlb_uv.c
patching file arch/x86/platform/uv/uv_time.c
patching file arch/xtensa/include/asm/Kbuild
patching file arch/xtensa/mm/fault.c
patching file block/blk-core.c
patching file block/blk-ioc.c
patching file block/blk-iopoll.c
patching file block/blk-softirq.c
patching file crypto/algapi.c
patching file crypto/api.c
patching file crypto/internal.h
patching file drivers/acpi/acpica/acglobal.h
patching file drivers/acpi/acpica/hwregs.c
patching file drivers/acpi/acpica/hwxface.c
patching file drivers/acpi/acpica/utmutex.c
patching file drivers/ata/libata-sff.c
patching file drivers/char/random.c
patching file drivers/clocksource/tcb_clksrc.c
patching file drivers/gpio/gpio-omap.c
patching file drivers/gpu/drm/drm_irq.c
patching file drivers/gpu/drm/i915/i915_gem.c
patching file drivers/gpu/drm/i915/i915_gem_execbuffer.c
patching file drivers/i2c/busses/i2c-omap.c
patching file drivers/ide/alim15x3.c
patching file drivers/ide/hpt366.c
patching file drivers/ide/ide-io-std.c
patching file drivers/ide/ide-io.c
patching file drivers/ide/ide-iops.c
patching file drivers/ide/ide-probe.c
patching file drivers/ide/ide-taskfile.c
patching file drivers/infiniband/ulp/ipoib/ipoib_multicast.c
patching file drivers/input/gameport/gameport.c
patching file drivers/leds/trigger/Kconfig
patching file drivers/md/bcache/Kconfig
patching file drivers/md/dm.c
patching file drivers/md/raid5.c
patching file drivers/md/raid5.h
patching file drivers/misc/Kconfig
patching file drivers/misc/Makefile
patching file drivers/misc/hwlat_detector.c
patching file drivers/mmc/host/mmci.c
patching file drivers/net/Kconfig
patching file drivers/net/ethernet/3com/3c59x.c
patching file drivers/net/ethernet/atheros/atl1c/atl1c_main.c
patching file drivers/net/ethernet/atheros/atl1e/atl1e_main.c
patching file drivers/net/ethernet/chelsio/cxgb/sge.c
patching file drivers/net/ethernet/dec/tulip/tulip_core.c
patching file drivers/net/ethernet/freescale/gianfar.c
patching file drivers/net/ethernet/freescale/gianfar_ethtool.c
patching file drivers/net/ethernet/freescale/gianfar_sysfs.c
patching file drivers/net/ethernet/neterion/s2io.c
patching file drivers/net/ethernet/oki-semi/pch_gbe/pch_gbe_main.c
patching file drivers/net/ethernet/realtek/8139too.c
patching file drivers/net/ethernet/tehuti/tehuti.c
patching file drivers/net/rionet.c
patching file drivers/net/wireless/orinoco/orinoco_usb.c
patching file drivers/pci/access.c
patching file drivers/scsi/fcoe/fcoe.c
patching file drivers/scsi/fcoe/fcoe_ctlr.c
patching file drivers/scsi/hpsa.c
patching file drivers/scsi/libfc/fc_exch.c
patching file drivers/scsi/libsas/sas_ata.c
patching file drivers/scsi/qla2xxx/qla_inline.h
patching file drivers/tty/serial/8250/8250_core.c
patching file drivers/tty/serial/amba-pl011.c
patching file drivers/tty/serial/omap-serial.c
patching file drivers/tty/tty_buffer.c
patching file drivers/tty/tty_ldisc.c
patching file drivers/usb/core/hcd.c
patching file drivers/usb/gadget/f_fs.c
patching file drivers/usb/gadget/inode.c
patching file drivers/usb/host/ohci-hcd.c
patching file fs/autofs4/autofs_i.h
patching file fs/autofs4/expire.c
patching file fs/btrfs/ctree.c
patching file fs/btrfs/extent-tree.c
patching file fs/buffer.c
patching file fs/dcache.c
patching file fs/eventpoll.c
patching file fs/exec.c
patching file fs/fscache/page.c
patching file fs/jbd/checkpoint.c
patching file fs/jbd2/checkpoint.c
patching file fs/namespace.c
patching file fs/ntfs/aops.c
patching file fs/timerfd.c
patching file include/acpi/platform/aclinux.h
patching file include/asm-generic/bug.h
patching file include/asm-generic/irq_work.h
patching file include/linux/buffer_head.h
patching file include/linux/completion.h
patching file include/linux/cpu.h
patching file include/linux/delay.h
patching file include/linux/ftrace_event.h
patching file include/linux/hardirq.h
patching file include/linux/highmem.h
patching file include/linux/hrtimer.h
patching file include/linux/idr.h
patching file include/linux/init_task.h
patching file include/linux/interrupt.h
patching file include/linux/irq.h
patching file include/linux/irq_work.h
patching file include/linux/irqdesc.h
patching file include/linux/irqflags.h
patching file include/linux/jbd_common.h
patching file include/linux/jump_label.h
patching file include/linux/kdb.h
patching file include/linux/kernel.h
patching file include/linux/kvm_host.h
patching file include/linux/lglock.h
patching file include/linux/list.h
patching file include/linux/list_bl.h
patching file include/linux/locallock.h
patching file include/linux/mm.h
patching file include/linux/mm_types.h
patching file include/linux/mutex.h
patching file include/linux/mutex_rt.h
patching file include/linux/netdevice.h
patching file include/linux/netfilter/x_tables.h
patching file include/linux/netpoll.h
patching file include/linux/notifier.h
patching file include/linux/page_cgroup.h
patching file include/linux/percpu.h
patching file include/linux/pid.h
patching file include/linux/preempt.h
patching file include/linux/printk.h
patching file include/linux/radix-tree.h
patching file include/linux/random.h
patching file include/linux/rcupdate.h
patching file include/linux/rcutree.h
patching file include/linux/rtmutex.h
patching file include/linux/rwlock_rt.h
patching file include/linux/rwlock_types.h
patching file include/linux/rwlock_types_rt.h
patching file include/linux/rwsem.h
patching file include/linux/rwsem_rt.h
patching file include/linux/sched.h
patching file include/linux/sched/rt.h
patching file include/linux/seqlock.h
patching file include/linux/signal.h
patching file include/linux/skbuff.h
patching file include/linux/smp.h
patching file include/linux/spinlock.h
patching file include/linux/spinlock_api_smp.h
patching file include/linux/spinlock_rt.h
patching file include/linux/spinlock_types.h
patching file include/linux/spinlock_types_nort.h
patching file include/linux/spinlock_types_raw.h
patching file include/linux/spinlock_types_rt.h
patching file include/linux/srcu.h
patching file include/linux/sysctl.h
patching file include/linux/timer.h
patching file include/linux/uaccess.h
patching file include/linux/uprobes.h
patching file include/linux/vmstat.h
patching file include/linux/wait-simple.h
patching file include/linux/work-simple.h
patching file include/net/dst.h
patching file include/net/neighbour.h
patching file include/net/netns/ipv4.h
patching file include/trace/events/hist.h
patching file include/trace/events/latency_hist.h
patching file init/Kconfig
patching file init/Makefile
patching file init/main.c
patching file ipc/mqueue.c
patching file ipc/msg.c
patching file ipc/sem.c
patching file kernel/Kconfig.locks
patching file kernel/Kconfig.preempt
patching file kernel/Makefile
patching file kernel/cpu.c
patching file kernel/debug/kdb/kdb_io.c
patching file kernel/events/core.c
patching file kernel/exit.c
patching file kernel/fork.c
patching file kernel/futex.c
patching file kernel/hrtimer.c
patching file kernel/irq/handle.c
patching file kernel/irq/manage.c
patching file kernel/irq/settings.h
patching file kernel/irq/spurious.c
patching file kernel/irq_work.c
patching file kernel/itimer.c
patching file kernel/ksysfs.c
patching file kernel/lglock.c
patching file kernel/lockdep.c
patching file kernel/panic.c
patching file kernel/posix-cpu-timers.c
patching file kernel/posix-timers.c
patching file kernel/power/hibernate.c
patching file kernel/power/suspend.c
patching file kernel/printk.c
patching file kernel/rcupdate.c
patching file kernel/rcutiny.c
patching file kernel/rcutiny_plugin.h
patching file kernel/rcutree.c
patching file kernel/rcutree.h
patching file kernel/rcutree_plugin.h
patching file kernel/relay.c
patching file kernel/res_counter.c
patching file kernel/rt.c
patching file kernel/rtmutex-debug.c
patching file kernel/rtmutex-debug.h
patching file kernel/rtmutex-tester.c
patching file kernel/rtmutex.c
patching file kernel/rtmutex.h
patching file kernel/rtmutex_common.h
patching file kernel/sched/Makefile
patching file kernel/sched/core.c
patching file kernel/sched/cputime.c
patching file kernel/sched/debug.c
patching file kernel/sched/fair.c
patching file kernel/sched/features.h
patching file kernel/sched/rt.c
patching file kernel/sched/sched.h
patching file kernel/sched/work-simple.c
patching file kernel/signal.c
patching file kernel/softirq.c
patching file kernel/spinlock.c
patching file kernel/stop_machine.c
patching file kernel/time/jiffies.c
patching file kernel/time/ntp.c
patching file kernel/time/tick-common.c
patching file kernel/time/tick-internal.h
patching file kernel/time/tick-sched.c
patching file kernel/time/timekeeping.c
patching file kernel/timer.c
patching file kernel/trace/Kconfig
patching file kernel/trace/Makefile
patching file kernel/trace/latency_hist.c
patching file kernel/trace/trace.c
patching file kernel/trace/trace.h
patching file kernel/trace/trace_events.c
patching file kernel/trace/trace_irqsoff.c
patching file kernel/trace/trace_output.c
patching file kernel/user.c
patching file kernel/wait-simple.c
patching file kernel/watchdog.c
patching file kernel/workqueue.c
patching file kernel/workqueue_internal.h
patching file lib/Kconfig
patching file lib/Kconfig.debug
patching file lib/Makefile
patching file lib/debugobjects.c
patching file lib/idr.c
patching file lib/locking-selftest.c
patching file lib/percpu-rwsem.c
patching file lib/radix-tree.c
patching file lib/scatterlist.c
patching file lib/smp_processor_id.c
patching file lib/spinlock_debug.c
patching file localversion-rt
patching file mm/Kconfig
patching file mm/bounce.c
patching file mm/filemap.c
patching file mm/highmem.c
patching file mm/memcontrol.c
patching file mm/memory.c
patching file mm/mmu_context.c
patching file mm/page_alloc.c
patching file mm/page_cgroup.c
patching file mm/slab.c
patching file mm/slab.h
patching file mm/slub.c
patching file mm/swap.c
patching file mm/vmalloc.c
patching file mm/vmstat.c
patching file net/core/dev.c
patching file net/core/skbuff.c
patching file net/core/sock.c
patching file net/ipv4/icmp.c
patching file net/ipv4/sysctl_net_ipv4.c
patching file net/mac80211/rx.c
patching file net/netfilter/core.c
patching file net/packet/af_packet.c
patching file net/rds/ib_rdma.c
patching file net/sched/sch_generic.c
patching file net/sunrpc/svc_xprt.c
patching file scripts/mkcompile_h
patching file virt/kvm/async_pf.c
patching file virt/kvm/kvm_main.c
