This file contains any messages produced by compilers while
running configure, to aid debugging if configure makes a mistake.

It was created by audit configure 2.4.1, which was
generated by GNU Autoconf 2.69.  Invocation command line was

  $ ./configure --sbindir=/sbin --with-python=yes --with-libwrap --enable-gssapi-krb5=yes --with-libcap-ng=yes --host=arm-linux-gnueabihf

## --------- ##
## Platform. ##
## --------- ##

hostname = panda
uname -m = i686
uname -r = 3.18.8-201.fc21.i686
uname -s = Linux
uname -v = #1 SMP Fri Feb 27 18:50:02 UTC 2015

/usr/bin/uname -p = i686
/bin/uname -X     = unknown

/bin/arch              = i686
/usr/bin/arch -k       = unknown
/usr/convex/getsysinfo = unknown
/usr/bin/hostinfo      = unknown
/bin/machine           = unknown
/usr/bin/oslevel       = unknown
/bin/universe          = unknown

PATH: /home/ecank/1511/toolchain/arm-linux-gnueabihf/bin
PATH: /usr/lib/qt-3.3/bin
PATH: /usr/local/bin
PATH: /usr/local/sbin
PATH: /usr/bin
PATH: /usr/sbin
PATH: /bin
PATH: /sbin
PATH: /home/ecank/.local/bin
PATH: /home/ecank/bin


## ----------- ##
## Core tests. ##
## ----------- ##

configure:2542: checking build system type
configure:2556: result: i686-pc-linux-gnu
configure:2576: checking host system type
configure:2589: result: arm-unknown-linux-gnueabihf
configure:2609: checking target system type
configure:2622: result: arm-unknown-linux-gnueabihf
configure:2664: checking for a BSD-compatible install
configure:2732: result: /usr/bin/install -c
configure:2743: checking whether build environment is sane
configure:2798: result: yes
configure:2857: checking for arm-linux-gnueabihf-strip
configure:2873: found /home/ecank/1511/toolchain/arm-linux-gnueabihf/bin/arm-linux-gnueabihf-strip
configure:2884: result: arm-linux-gnueabihf-strip
configure:2949: checking for a thread-safe mkdir -p
configure:2988: result: /usr/bin/mkdir -p
configure:2995: checking for gawk
configure:3011: found /usr/bin/gawk
configure:3022: result: gawk
configure:3033: checking whether make sets $(MAKE)
configure:3055: result: yes
configure:3084: checking whether make supports nested variables
configure:3101: result: yes
configure:3231: checking how to print strings
configure:3258: result: printf
configure:3291: checking for style of include used by make
configure:3319: result: GNU
configure:3350: checking for arm-linux-gnueabihf-gcc
configure:3377: result: arm-linux-gnueabihf-gcc
configure:3646: checking for C compiler version
configure:3655: arm-linux-gnueabihf-gcc --version >&5
arm-linux-gnueabihf-gcc (crosstool-NG linaro-1.13.1-4.9-2014.09 - Linaro GCC 4.9-2014.09) 4.9.2 20140904 (prerelease)
Copyright (C) 2014 Free Software Foundation, Inc.
This is free software; see the source for copying conditions.  There is NO
warranty; not even for MERCHANTABILITY or FITNESS FOR A PARTICULAR PURPOSE.

configure:3666: $? = 0
configure:3655: arm-linux-gnueabihf-gcc -v >&5
Using built-in specs.
COLLECT_GCC=arm-linux-gnueabihf-gcc
COLLECT_LTO_WRAPPER=/home/ecank/1511/toolchain/arm-linux-gnueabihf/bin/../libexec/gcc/arm-linux-gnueabihf/4.9.2/lto-wrapper
Target: arm-linux-gnueabihf
Configured with: /cbuild/slaves/oorts/crosstool-ng/builds/arm-linux-gnueabihf-linux/.build/src/gcc-linaro-4.9-2014.09/configure --build=i686-build_pc-linux-gnu --host=i686-build_pc-linux-gnu --target=arm-linux-gnueabihf --prefix=/cbuild/slaves/oorts/crosstool-ng/builds/arm-linux-gnueabihf-linux/install --with-sysroot=/cbuild/slaves/oorts/crosstool-ng/builds/arm-linux-gnueabihf-linux/install/arm-linux-gnueabihf/libc --enable-languages=c,c++,fortran --disable-multilib --enable-multiarch --with-arch=armv7-a --with-tune=cortex-a9 --with-fpu=vfpv3-d16 --with-float=hard --with-pkgversion='crosstool-NG linaro-1.13.1-4.9-2014.09 - Linaro GCC 4.9-2014.09' --with-bugurl=https://bugs.launchpad.net/gcc-linaro --enable-__cxa_atexit --enable-libmudflap --enable-libgomp --enable-libssp --with-gmp=/cbuild/slaves/oorts/crosstool-ng/builds/arm-linux-gnueabihf-linux/.build/arm-linux-gnueabihf/build/static --with-mpfr=/cbuild/slaves/oorts/crosstool-ng/builds/arm-linux-gnueabihf-linux/.build/arm-linux-gnueabihf/build/static --with-mpc=/cbuild/slaves/oorts/crosstool-ng/builds/arm-linux-gnueabihf-linux/.build/arm-linux-gnueabihf/build/static --with-isl=/cbuild/slaves/oorts/crosstool-ng/builds/arm-linux-gnueabihf-linux/.build/arm-linux-gnueabihf/build/static --with-cloog=/cbuild/slaves/oorts/crosstool-ng/builds/arm-linux-gnueabihf-linux/.build/arm-linux-gnueabihf/build/static --with-libelf=/cbuild/slaves/oorts/crosstool-ng/builds/arm-linux-gnueabihf-linux/.build/arm-linux-gnueabihf/build/static --enable-threads=posix --disable-libstdcxx-pch --enable-linker-build-id --enable-plugin --enable-gold --with-local-prefix=/cbuild/slaves/oorts/crosstool-ng/builds/arm-linux-gnueabihf-linux/install/arm-linux-gnueabihf/libc --enable-c99 --enable-long-long --with-mode=thumb --disable-multilib --with-float=hard
Thread model: posix
gcc version 4.9.2 20140904 (prerelease) (crosstool-NG linaro-1.13.1-4.9-2014.09 - Linaro GCC 4.9-2014.09) 
configure:3666: $? = 0
configure:3655: arm-linux-gnueabihf-gcc -V >&5
arm-linux-gnueabihf-gcc: error: unrecognized command line option '-V'
arm-linux-gnueabihf-gcc: fatal error: no input files
compilation terminated.
configure:3666: $? = 1
configure:3655: arm-linux-gnueabihf-gcc -qversion >&5
arm-linux-gnueabihf-gcc: error: unrecognized command line option '-qversion'
arm-linux-gnueabihf-gcc: fatal error: no input files
compilation terminated.
configure:3666: $? = 1
configure:3686: checking whether the C compiler works
configure:3708: arm-linux-gnueabihf-gcc    conftest.c  >&5
configure:3712: $? = 0
configure:3760: result: yes
configure:3763: checking for C compiler default output file name
configure:3765: result: a.out
configure:3771: checking for suffix of executables
configure:3778: arm-linux-gnueabihf-gcc -o conftest    conftest.c  >&5
configure:3782: $? = 0
configure:3804: result: 
configure:3826: checking whether we are cross compiling
configure:3834: arm-linux-gnueabihf-gcc -o conftest    conftest.c  >&5
configure:3838: $? = 0
configure:3845: ./conftest
./configure: line 3847: ./conftest: cannot execute binary file: Exec format error
configure:3849: $? = 126
configure:3864: result: yes
configure:3869: checking for suffix of object files
configure:3891: arm-linux-gnueabihf-gcc -c   conftest.c >&5
configure:3895: $? = 0
configure:3916: result: o
configure:3920: checking whether we are using the GNU C compiler
configure:3939: arm-linux-gnueabihf-gcc -c   conftest.c >&5
configure:3939: $? = 0
configure:3948: result: yes
configure:3957: checking whether arm-linux-gnueabihf-gcc accepts -g
configure:3977: arm-linux-gnueabihf-gcc -c -g  conftest.c >&5
configure:3977: $? = 0
configure:4018: result: yes
configure:4035: checking for arm-linux-gnueabihf-gcc option to accept ISO C89
configure:4098: arm-linux-gnueabihf-gcc  -c -g -O2  conftest.c >&5
configure:4098: $? = 0
configure:4111: result: none needed
configure:4133: checking dependency style of arm-linux-gnueabihf-gcc
configure:4244: result: gcc3
configure:4259: checking for a sed that does not truncate output
configure:4323: result: /usr/bin/sed
configure:4341: checking for grep that handles long lines and -e
configure:4399: result: /usr/bin/grep
configure:4404: checking for egrep
configure:4466: result: /usr/bin/grep -E
configure:4471: checking for fgrep
configure:4533: result: /usr/bin/grep -F
configure:4568: checking for ld used by arm-linux-gnueabihf-gcc
configure:4635: result: /home/ecank/1511/toolchain/arm-linux-gnueabihf/arm-linux-gnueabihf/bin/ld
configure:4642: checking if the linker (/home/ecank/1511/toolchain/arm-linux-gnueabihf/arm-linux-gnueabihf/bin/ld) is GNU ld
configure:4657: result: yes
configure:4669: checking for BSD- or MS-compatible name lister (nm)
configure:4718: result: /home/ecank/1511/toolchain/arm-linux-gnueabihf/bin/arm-linux-gnueabihf-nm -B
configure:4848: checking the name lister (/home/ecank/1511/toolchain/arm-linux-gnueabihf/bin/arm-linux-gnueabihf-nm -B) interface
configure:4855: arm-linux-gnueabihf-gcc -c -g -O2  conftest.c >&5
configure:4858: /home/ecank/1511/toolchain/arm-linux-gnueabihf/bin/arm-linux-gnueabihf-nm -B "conftest.o"
configure:4861: output
00000000 B some_variable
configure:4868: result: BSD nm
configure:4871: checking whether ln -s works
configure:4875: result: yes
configure:4883: checking the maximum length of command line arguments
configure:5013: result: 1572864
configure:5030: checking whether the shell understands some XSI constructs
configure:5040: result: yes
configure:5044: checking whether the shell understands "+="
configure:5050: result: yes
configure:5085: checking how to convert i686-pc-linux-gnu file names to arm-unknown-linux-gnueabihf format
configure:5125: result: func_convert_file_noop
configure:5132: checking how to convert i686-pc-linux-gnu file names to toolchain format
configure:5152: result: func_convert_file_noop
configure:5159: checking for /home/ecank/1511/toolchain/arm-linux-gnueabihf/arm-linux-gnueabihf/bin/ld option to reload object files
configure:5166: result: -r
configure:5200: checking for arm-linux-gnueabihf-objdump
configure:5216: found /home/ecank/1511/toolchain/arm-linux-gnueabihf/bin/arm-linux-gnueabihf-objdump
configure:5227: result: arm-linux-gnueabihf-objdump
configure:5299: checking how to recognize dependent libraries
configure:5501: result: pass_all
configure:5546: checking for arm-linux-gnueabihf-dlltool
configure:5576: result: no
configure:5586: checking for dlltool
configure:5616: result: no
configure:5646: checking how to associate runtime and link libraries
configure:5673: result: printf %s\n
configure:5690: checking for arm-linux-gnueabihf-ar
configure:5706: found /home/ecank/1511/toolchain/arm-linux-gnueabihf/bin/arm-linux-gnueabihf-ar
configure:5717: result: arm-linux-gnueabihf-ar
configure:5798: checking for archiver @FILE support
configure:5815: arm-linux-gnueabihf-gcc -c -g -O2  conftest.c >&5
configure:5815: $? = 0
configure:5818: arm-linux-gnueabihf-ar cru libconftest.a @conftest.lst >&5
configure:5821: $? = 0
configure:5826: arm-linux-gnueabihf-ar cru libconftest.a @conftest.lst >&5
arm-linux-gnueabihf-ar: conftest.o: No such file or directory
configure:5829: $? = 1
configure:5841: result: @
configure:5859: checking for arm-linux-gnueabihf-strip
configure:5886: result: arm-linux-gnueabihf-strip
configure:5958: checking for arm-linux-gnueabihf-ranlib
configure:5974: found /home/ecank/1511/toolchain/arm-linux-gnueabihf/bin/arm-linux-gnueabihf-ranlib
configure:5985: result: arm-linux-gnueabihf-ranlib
configure:6127: checking command to parse /home/ecank/1511/toolchain/arm-linux-gnueabihf/bin/arm-linux-gnueabihf-nm -B output from arm-linux-gnueabihf-gcc object
configure:6247: arm-linux-gnueabihf-gcc -c -g -O2  conftest.c >&5
configure:6250: $? = 0
configure:6254: /home/ecank/1511/toolchain/arm-linux-gnueabihf/bin/arm-linux-gnueabihf-nm -B conftest.o \| sed -n -e 's/^.*[ ]\([ABCDGIRSTW][ABCDGIRSTW]*\)[ ][ ]*\([_A-Za-z][_A-Za-z0-9]*\)$/\1 \2 \2/p' | sed '/ __gnu_lto/d' \> conftest.nm
configure:6257: $? = 0
configure:6323: arm-linux-gnueabihf-gcc -o conftest -g -O2   conftest.c conftstm.o >&5
configure:6326: $? = 0
configure:6364: result: ok
configure:6401: checking for sysroot
configure:6431: result: no
configure:6653: checking for arm-linux-gnueabihf-mt
configure:6683: result: no
configure:6693: checking for mt
configure:6723: result: no
configure:6743: checking if : is a manifest tool
configure:6749: : '-?'
configure:6757: result: no
configure:7399: checking how to run the C preprocessor
configure:7430: arm-linux-gnueabihf-gcc -E  conftest.c
configure:7430: $? = 0
configure:7444: arm-linux-gnueabihf-gcc -E  conftest.c
conftest.c:11:28: fatal error: ac_nonexistent.h: No such file or directory
 #include <ac_nonexistent.h>
                            ^
compilation terminated.
configure:7444: $? = 1
configure: failed program was:
| /* confdefs.h */
| #define PACKAGE_NAME "audit"
| #define PACKAGE_TARNAME "audit"
| #define PACKAGE_VERSION "2.4.1"
| #define PACKAGE_STRING "audit 2.4.1"
| #define PACKAGE_BUGREPORT ""
| #define PACKAGE_URL ""
| #define PACKAGE "audit"
| #define VERSION "2.4.1"
| /* end confdefs.h.  */
| #include <ac_nonexistent.h>
configure:7469: result: arm-linux-gnueabihf-gcc -E
configure:7489: arm-linux-gnueabihf-gcc -E  conftest.c
configure:7489: $? = 0
configure:7503: arm-linux-gnueabihf-gcc -E  conftest.c
conftest.c:11:28: fatal error: ac_nonexistent.h: No such file or directory
 #include <ac_nonexistent.h>
                            ^
compilation terminated.
configure:7503: $? = 1
configure: failed program was:
| /* confdefs.h */
| #define PACKAGE_NAME "audit"
| #define PACKAGE_TARNAME "audit"
| #define PACKAGE_VERSION "2.4.1"
| #define PACKAGE_STRING "audit 2.4.1"
| #define PACKAGE_BUGREPORT ""
| #define PACKAGE_URL ""
| #define PACKAGE "audit"
| #define VERSION "2.4.1"
| /* end confdefs.h.  */
| #include <ac_nonexistent.h>
configure:7532: checking for ANSI C header files
configure:7552: arm-linux-gnueabihf-gcc -c -g -O2  conftest.c >&5
configure:7552: $? = 0
configure:7636: result: yes
configure:7649: checking for sys/types.h
configure:7649: arm-linux-gnueabihf-gcc -c -g -O2  conftest.c >&5
configure:7649: $? = 0
configure:7649: result: yes
configure:7649: checking for sys/stat.h
configure:7649: arm-linux-gnueabihf-gcc -c -g -O2  conftest.c >&5
configure:7649: $? = 0
configure:7649: result: yes
configure:7649: checking for stdlib.h
configure:7649: arm-linux-gnueabihf-gcc -c -g -O2  conftest.c >&5
configure:7649: $? = 0
configure:7649: result: yes
configure:7649: checking for string.h
configure:7649: arm-linux-gnueabihf-gcc -c -g -O2  conftest.c >&5
configure:7649: $? = 0
configure:7649: result: yes
configure:7649: checking for memory.h
configure:7649: arm-linux-gnueabihf-gcc -c -g -O2  conftest.c >&5
configure:7649: $? = 0
configure:7649: result: yes
configure:7649: checking for strings.h
configure:7649: arm-linux-gnueabihf-gcc -c -g -O2  conftest.c >&5
configure:7649: $? = 0
configure:7649: result: yes
configure:7649: checking for inttypes.h
configure:7649: arm-linux-gnueabihf-gcc -c -g -O2  conftest.c >&5
configure:7649: $? = 0
configure:7649: result: yes
configure:7649: checking for stdint.h
configure:7649: arm-linux-gnueabihf-gcc -c -g -O2  conftest.c >&5
configure:7649: $? = 0
configure:7649: result: yes
configure:7649: checking for unistd.h
configure:7649: arm-linux-gnueabihf-gcc -c -g -O2  conftest.c >&5
configure:7649: $? = 0
configure:7649: result: yes
configure:7663: checking for dlfcn.h
configure:7663: arm-linux-gnueabihf-gcc -c -g -O2  conftest.c >&5
configure:7663: $? = 0
configure:7663: result: yes
configure:7869: checking for objdir
configure:7884: result: .libs
configure:8155: checking if arm-linux-gnueabihf-gcc supports -fno-rtti -fno-exceptions
configure:8173: arm-linux-gnueabihf-gcc -c -g -O2  -fno-rtti -fno-exceptions conftest.c >&5
cc1: warning: command line option '-fno-rtti' is valid for C++/ObjC++ but not for C
configure:8177: $? = 0
configure:8190: result: no
configure:8517: checking for arm-linux-gnueabihf-gcc option to produce PIC
configure:8524: result: -fPIC -DPIC
configure:8532: checking if arm-linux-gnueabihf-gcc PIC flag -fPIC -DPIC works
configure:8550: arm-linux-gnueabihf-gcc -c -g -O2  -fPIC -DPIC -DPIC conftest.c >&5
configure:8554: $? = 0
configure:8567: result: yes
configure:8596: checking if arm-linux-gnueabihf-gcc static flag -static works
configure:8624: result: yes
configure:8639: checking if arm-linux-gnueabihf-gcc supports -c -o file.o
configure:8660: arm-linux-gnueabihf-gcc -c -g -O2  -o out/conftest2.o conftest.c >&5
configure:8664: $? = 0
configure:8686: result: yes
configure:8694: checking if arm-linux-gnueabihf-gcc supports -c -o file.o
configure:8741: result: yes
configure:8774: checking whether the arm-linux-gnueabihf-gcc linker (/home/ecank/1511/toolchain/arm-linux-gnueabihf/arm-linux-gnueabihf/bin/ld) supports shared libraries
configure:9927: result: yes
configure:9964: checking whether -lc should be explicitly linked in
configure:9972: arm-linux-gnueabihf-gcc -c -g -O2  conftest.c >&5
configure:9975: $? = 0
configure:9990: arm-linux-gnueabihf-gcc -shared  -fPIC -DPIC conftest.o  -v -Wl,-soname -Wl,conftest -o conftest 2\>\&1 \| /usr/bin/grep  -lc  \>/dev/null 2\>\&1
configure:9993: $? = 0
configure:10007: result: no
configure:10167: checking dynamic linker characteristics
configure:10678: arm-linux-gnueabihf-gcc -o conftest -g -O2   -Wl,-rpath -Wl,/foo conftest.c  >&5
configure:10678: $? = 0
configure:10904: result: GNU/Linux ld.so
configure:11011: checking how to hardcode library paths into programs
configure:11036: result: immediate
configure:11576: checking whether stripping libraries is possible
configure:11581: result: yes
configure:11616: checking if libtool supports shared libraries
configure:11618: result: yes
configure:11621: checking whether to build shared libraries
configure:11642: result: yes
configure:11645: checking whether to build static libraries
configure:11649: result: yes
configure:11692: checking sys/inotify.h usability
configure:11692: arm-linux-gnueabihf-gcc -c -g -O2  conftest.c >&5
configure:11692: $? = 0
configure:11692: result: yes
configure:11692: checking sys/inotify.h presence
configure:11692: arm-linux-gnueabihf-gcc -E  conftest.c
configure:11692: $? = 0
configure:11692: result: yes
configure:11692: checking for sys/inotify.h
configure:11692: result: yes
configure:11692: checking sys/epoll.h usability
configure:11692: arm-linux-gnueabihf-gcc -c -g -O2  conftest.c >&5
configure:11692: $? = 0
configure:11692: result: yes
configure:11692: checking sys/epoll.h presence
configure:11692: arm-linux-gnueabihf-gcc -E  conftest.c
configure:11692: $? = 0
configure:11692: result: yes
configure:11692: checking for sys/epoll.h
configure:11692: result: yes
configure:11692: checking sys/event.h usability
configure:11692: arm-linux-gnueabihf-gcc -c -g -O2  conftest.c >&5
conftest.c:58:23: fatal error: sys/event.h: No such file or directory
 #include <sys/event.h>
                       ^
compilation terminated.
configure:11692: $? = 1
configure: failed program was:
| /* confdefs.h */
| #define PACKAGE_NAME "audit"
| #define PACKAGE_TARNAME "audit"
| #define PACKAGE_VERSION "2.4.1"
| #define PACKAGE_STRING "audit 2.4.1"
| #define PACKAGE_BUGREPORT ""
| #define PACKAGE_URL ""
| #define PACKAGE "audit"
| #define VERSION "2.4.1"
| #define STDC_HEADERS 1
| #define HAVE_SYS_TYPES_H 1
| #define HAVE_SYS_STAT_H 1
| #define HAVE_STDLIB_H 1
| #define HAVE_STRING_H 1
| #define HAVE_MEMORY_H 1
| #define HAVE_STRINGS_H 1
| #define HAVE_INTTYPES_H 1
| #define HAVE_STDINT_H 1
| #define HAVE_UNISTD_H 1
| #define HAVE_DLFCN_H 1
| #define LT_OBJDIR ".libs/"
| #define HAVE_SYS_INOTIFY_H 1
| #define HAVE_SYS_EPOLL_H 1
| /* end confdefs.h.  */
| #include <stdio.h>
| #ifdef HAVE_SYS_TYPES_H
| # include <sys/types.h>
| #endif
| #ifdef HAVE_SYS_STAT_H
| # include <sys/stat.h>
| #endif
| #ifdef STDC_HEADERS
| # include <stdlib.h>
| # include <stddef.h>
| #else
| # ifdef HAVE_STDLIB_H
| #  include <stdlib.h>
| # endif
| #endif
| #ifdef HAVE_STRING_H
| # if !defined STDC_HEADERS && defined HAVE_MEMORY_H
| #  include <memory.h>
| # endif
| # include <string.h>
| #endif
| #ifdef HAVE_STRINGS_H
| # include <strings.h>
| #endif
| #ifdef HAVE_INTTYPES_H
| # include <inttypes.h>
| #endif
| #ifdef HAVE_STDINT_H
| # include <stdint.h>
| #endif
| #ifdef HAVE_UNISTD_H
| # include <unistd.h>
| #endif
| #include <sys/event.h>
configure:11692: result: no
configure:11692: checking sys/event.h presence
configure:11692: arm-linux-gnueabihf-gcc -E  conftest.c
conftest.c:25:23: fatal error: sys/event.h: No such file or directory
 #include <sys/event.h>
                       ^
compilation terminated.
configure:11692: $? = 1
configure: failed program was:
| /* confdefs.h */
| #define PACKAGE_NAME "audit"
| #define PACKAGE_TARNAME "audit"
| #define PACKAGE_VERSION "2.4.1"
| #define PACKAGE_STRING "audit 2.4.1"
| #define PACKAGE_BUGREPORT ""
| #define PACKAGE_URL ""
| #define PACKAGE "audit"
| #define VERSION "2.4.1"
| #define STDC_HEADERS 1
| #define HAVE_SYS_TYPES_H 1
| #define HAVE_SYS_STAT_H 1
| #define HAVE_STDLIB_H 1
| #define HAVE_STRING_H 1
| #define HAVE_MEMORY_H 1
| #define HAVE_STRINGS_H 1
| #define HAVE_INTTYPES_H 1
| #define HAVE_STDINT_H 1
| #define HAVE_UNISTD_H 1
| #define HAVE_DLFCN_H 1
| #define LT_OBJDIR ".libs/"
| #define HAVE_SYS_INOTIFY_H 1
| #define HAVE_SYS_EPOLL_H 1
| /* end confdefs.h.  */
| #include <sys/event.h>
configure:11692: result: no
configure:11692: checking for sys/event.h
configure:11692: result: no
configure:11692: checking port.h usability
configure:11692: arm-linux-gnueabihf-gcc -c -g -O2  conftest.c >&5
conftest.c:58:18: fatal error: port.h: No such file or directory
 #include <port.h>
                  ^
compilation terminated.
configure:11692: $? = 1
configure: failed program was:
| /* confdefs.h */
| #define PACKAGE_NAME "audit"
| #define PACKAGE_TARNAME "audit"
| #define PACKAGE_VERSION "2.4.1"
| #define PACKAGE_STRING "audit 2.4.1"
| #define PACKAGE_BUGREPORT ""
| #define PACKAGE_URL ""
| #define PACKAGE "audit"
| #define VERSION "2.4.1"
| #define STDC_HEADERS 1
| #define HAVE_SYS_TYPES_H 1
| #define HAVE_SYS_STAT_H 1
| #define HAVE_STDLIB_H 1
| #define HAVE_STRING_H 1
| #define HAVE_MEMORY_H 1
| #define HAVE_STRINGS_H 1
| #define HAVE_INTTYPES_H 1
| #define HAVE_STDINT_H 1
| #define HAVE_UNISTD_H 1
| #define HAVE_DLFCN_H 1
| #define LT_OBJDIR ".libs/"
| #define HAVE_SYS_INOTIFY_H 1
| #define HAVE_SYS_EPOLL_H 1
| /* end confdefs.h.  */
| #include <stdio.h>
| #ifdef HAVE_SYS_TYPES_H
| # include <sys/types.h>
| #endif
| #ifdef HAVE_SYS_STAT_H
| # include <sys/stat.h>
| #endif
| #ifdef STDC_HEADERS
| # include <stdlib.h>
| # include <stddef.h>
| #else
| # ifdef HAVE_STDLIB_H
| #  include <stdlib.h>
| # endif
| #endif
| #ifdef HAVE_STRING_H
| # if !defined STDC_HEADERS && defined HAVE_MEMORY_H
| #  include <memory.h>
| # endif
| # include <string.h>
| #endif
| #ifdef HAVE_STRINGS_H
| # include <strings.h>
| #endif
| #ifdef HAVE_INTTYPES_H
| # include <inttypes.h>
| #endif
| #ifdef HAVE_STDINT_H
| # include <stdint.h>
| #endif
| #ifdef HAVE_UNISTD_H
| # include <unistd.h>
| #endif
| #include <port.h>
configure:11692: result: no
configure:11692: checking port.h presence
configure:11692: arm-linux-gnueabihf-gcc -E  conftest.c
conftest.c:25:18: fatal error: port.h: No such file or directory
 #include <port.h>
                  ^
compilation terminated.
configure:11692: $? = 1
configure: failed program was:
| /* confdefs.h */
| #define PACKAGE_NAME "audit"
| #define PACKAGE_TARNAME "audit"
| #define PACKAGE_VERSION "2.4.1"
| #define PACKAGE_STRING "audit 2.4.1"
| #define PACKAGE_BUGREPORT ""
| #define PACKAGE_URL ""
| #define PACKAGE "audit"
| #define VERSION "2.4.1"
| #define STDC_HEADERS 1
| #define HAVE_SYS_TYPES_H 1
| #define HAVE_SYS_STAT_H 1
| #define HAVE_STDLIB_H 1
| #define HAVE_STRING_H 1
| #define HAVE_MEMORY_H 1
| #define HAVE_STRINGS_H 1
| #define HAVE_INTTYPES_H 1
| #define HAVE_STDINT_H 1
| #define HAVE_UNISTD_H 1
| #define HAVE_DLFCN_H 1
| #define LT_OBJDIR ".libs/"
| #define HAVE_SYS_INOTIFY_H 1
| #define HAVE_SYS_EPOLL_H 1
| /* end confdefs.h.  */
| #include <port.h>
configure:11692: result: no
configure:11692: checking for port.h
configure:11692: result: no
configure:11692: checking poll.h usability
configure:11692: arm-linux-gnueabihf-gcc -c -g -O2  conftest.c >&5
configure:11692: $? = 0
configure:11692: result: yes
configure:11692: checking poll.h presence
configure:11692: arm-linux-gnueabihf-gcc -E  conftest.c
configure:11692: $? = 0
configure:11692: result: yes
configure:11692: checking for poll.h
configure:11692: result: yes
configure:11692: checking sys/select.h usability
configure:11692: arm-linux-gnueabihf-gcc -c -g -O2  conftest.c >&5
configure:11692: $? = 0
configure:11692: result: yes
configure:11692: checking sys/select.h presence
configure:11692: arm-linux-gnueabihf-gcc -E  conftest.c
configure:11692: $? = 0
configure:11692: result: yes
configure:11692: checking for sys/select.h
configure:11692: result: yes
configure:11692: checking sys/eventfd.h usability
configure:11692: arm-linux-gnueabihf-gcc -c -g -O2  conftest.c >&5
configure:11692: $? = 0
configure:11692: result: yes
configure:11692: checking sys/eventfd.h presence
configure:11692: arm-linux-gnueabihf-gcc -E  conftest.c
configure:11692: $? = 0
configure:11692: result: yes
configure:11692: checking for sys/eventfd.h
configure:11692: result: yes
configure:11692: checking sys/signalfd.h usability
configure:11692: arm-linux-gnueabihf-gcc -c -g -O2  conftest.c >&5
configure:11692: $? = 0
configure:11692: result: yes
configure:11692: checking sys/signalfd.h presence
configure:11692: arm-linux-gnueabihf-gcc -E  conftest.c
configure:11692: $? = 0
configure:11692: result: yes
configure:11692: checking for sys/signalfd.h
configure:11692: result: yes
configure:11706: checking for inotify_init
configure:11706: arm-linux-gnueabihf-gcc -o conftest -g -O2   conftest.c  >&5
configure:11706: $? = 0
configure:11706: result: yes
configure:11706: checking for epoll_ctl
configure:11706: arm-linux-gnueabihf-gcc -o conftest -g -O2   conftest.c  >&5
configure:11706: $? = 0
configure:11706: result: yes
configure:11706: checking for kqueue
configure:11706: arm-linux-gnueabihf-gcc -o conftest -g -O2   conftest.c  >&5
/tmp/ccImuAUD.o: In function `main':
/home/ecank/1511/tools/audit-2.4.1/conftest.c:65: undefined reference to `kqueue'
collect2: error: ld returned 1 exit status
configure:11706: $? = 1
configure: failed program was:
| /* confdefs.h */
| #define PACKAGE_NAME "audit"
| #define PACKAGE_TARNAME "audit"
| #define PACKAGE_VERSION "2.4.1"
| #define PACKAGE_STRING "audit 2.4.1"
| #define PACKAGE_BUGREPORT ""
| #define PACKAGE_URL ""
| #define PACKAGE "audit"
| #define VERSION "2.4.1"
| #define STDC_HEADERS 1
| #define HAVE_SYS_TYPES_H 1
| #define HAVE_SYS_STAT_H 1
| #define HAVE_STDLIB_H 1
| #define HAVE_STRING_H 1
| #define HAVE_MEMORY_H 1
| #define HAVE_STRINGS_H 1
| #define HAVE_INTTYPES_H 1
| #define HAVE_STDINT_H 1
| #define HAVE_UNISTD_H 1
| #define HAVE_DLFCN_H 1
| #define LT_OBJDIR ".libs/"
| #define HAVE_SYS_INOTIFY_H 1
| #define HAVE_SYS_EPOLL_H 1
| #define HAVE_POLL_H 1
| #define HAVE_SYS_SELECT_H 1
| #define HAVE_SYS_EVENTFD_H 1
| #define HAVE_SYS_SIGNALFD_H 1
| #define HAVE_INOTIFY_INIT 1
| #define HAVE_EPOLL_CTL 1
| /* end confdefs.h.  */
| /* Define kqueue to an innocuous variant, in case <limits.h> declares kqueue.
|    For example, HP-UX 11i <limits.h> declares gettimeofday.  */
| #define kqueue innocuous_kqueue
| 
| /* System header to define __stub macros and hopefully few prototypes,
|     which can conflict with char kqueue (); below.
|     Prefer <limits.h> to <assert.h> if __STDC__ is defined, since
|     <limits.h> exists even on freestanding compilers.  */
| 
| #ifdef __STDC__
| # include <limits.h>
| #else
| # include <assert.h>
| #endif
| 
| #undef kqueue
| 
| /* Override any GCC internal prototype to avoid an error.
|    Use char because int might match the return type of a GCC
|    builtin and then its argument prototype would still apply.  */
| #ifdef __cplusplus
| extern "C"
| #endif
| char kqueue ();
| /* The GNU C library defines this for functions which it implements
|     to always fail with ENOSYS.  Some functions are actually named
|     something starting with __ and the normal name is an alias.  */
| #if defined __stub_kqueue || defined __stub___kqueue
| choke me
| #endif
| 
| int
| main ()
| {
| return kqueue ();
|   ;
|   return 0;
| }
configure:11706: result: no
configure:11706: checking for port_create
configure:11706: arm-linux-gnueabihf-gcc -o conftest -g -O2   conftest.c  >&5
/tmp/ccaB1wmK.o: In function `main':
/home/ecank/1511/tools/audit-2.4.1/conftest.c:65: undefined reference to `port_create'
collect2: error: ld returned 1 exit status
configure:11706: $? = 1
configure: failed program was:
| /* confdefs.h */
| #define PACKAGE_NAME "audit"
| #define PACKAGE_TARNAME "audit"
| #define PACKAGE_VERSION "2.4.1"
| #define PACKAGE_STRING "audit 2.4.1"
| #define PACKAGE_BUGREPORT ""
| #define PACKAGE_URL ""
| #define PACKAGE "audit"
| #define VERSION "2.4.1"
| #define STDC_HEADERS 1
| #define HAVE_SYS_TYPES_H 1
| #define HAVE_SYS_STAT_H 1
| #define HAVE_STDLIB_H 1
| #define HAVE_STRING_H 1
| #define HAVE_MEMORY_H 1
| #define HAVE_STRINGS_H 1
| #define HAVE_INTTYPES_H 1
| #define HAVE_STDINT_H 1
| #define HAVE_UNISTD_H 1
| #define HAVE_DLFCN_H 1
| #define LT_OBJDIR ".libs/"
| #define HAVE_SYS_INOTIFY_H 1
| #define HAVE_SYS_EPOLL_H 1
| #define HAVE_POLL_H 1
| #define HAVE_SYS_SELECT_H 1
| #define HAVE_SYS_EVENTFD_H 1
| #define HAVE_SYS_SIGNALFD_H 1
| #define HAVE_INOTIFY_INIT 1
| #define HAVE_EPOLL_CTL 1
| /* end confdefs.h.  */
| /* Define port_create to an innocuous variant, in case <limits.h> declares port_create.
|    For example, HP-UX 11i <limits.h> declares gettimeofday.  */
| #define port_create innocuous_port_create
| 
| /* System header to define __stub macros and hopefully few prototypes,
|     which can conflict with char port_create (); below.
|     Prefer <limits.h> to <assert.h> if __STDC__ is defined, since
|     <limits.h> exists even on freestanding compilers.  */
| 
| #ifdef __STDC__
| # include <limits.h>
| #else
| # include <assert.h>
| #endif
| 
| #undef port_create
| 
| /* Override any GCC internal prototype to avoid an error.
|    Use char because int might match the return type of a GCC
|    builtin and then its argument prototype would still apply.  */
| #ifdef __cplusplus
| extern "C"
| #endif
| char port_create ();
| /* The GNU C library defines this for functions which it implements
|     to always fail with ENOSYS.  Some functions are actually named
|     something starting with __ and the normal name is an alias.  */
| #if defined __stub_port_create || defined __stub___port_create
| choke me
| #endif
| 
| int
| main ()
| {
| return port_create ();
|   ;
|   return 0;
| }
configure:11706: result: no
configure:11706: checking for poll
configure:11706: arm-linux-gnueabihf-gcc -o conftest -g -O2   conftest.c  >&5
configure:11706: $? = 0
configure:11706: result: yes
configure:11706: checking for select
configure:11706: arm-linux-gnueabihf-gcc -o conftest -g -O2   conftest.c  >&5
configure:11706: $? = 0
configure:11706: result: yes
configure:11706: checking for eventfd
configure:11706: arm-linux-gnueabihf-gcc -o conftest -g -O2   conftest.c  >&5
configure:11706: $? = 0
configure:11706: result: yes
configure:11706: checking for signalfd
configure:11706: arm-linux-gnueabihf-gcc -o conftest -g -O2   conftest.c  >&5
configure:11706: $? = 0
configure:11706: result: yes
configure:11718: checking for clock_gettime
configure:11718: arm-linux-gnueabihf-gcc -o conftest -g -O2   conftest.c  >&5
configure:11718: $? = 0
configure:11718: result: yes
configure:11822: checking for nanosleep
configure:11822: arm-linux-gnueabihf-gcc -o conftest -g -O2   conftest.c  >&5
configure:11822: $? = 0
configure:11822: result: yes
configure:11897: checking for library containing floor
configure:11928: arm-linux-gnueabihf-gcc -o conftest -g -O2   conftest.c  >&5
conftest.c:44:6: warning: conflicting types for built-in function 'floor'
 char floor ();
      ^
/tmp/cc20AB4J.o: In function `main':
/home/ecank/1511/tools/audit-2.4.1/conftest.c:48: undefined reference to `floor'
collect2: error: ld returned 1 exit status
configure:11928: $? = 1
configure: failed program was:
| /* confdefs.h */
| #define PACKAGE_NAME "audit"
| #define PACKAGE_TARNAME "audit"
| #define PACKAGE_VERSION "2.4.1"
| #define PACKAGE_STRING "audit 2.4.1"
| #define PACKAGE_BUGREPORT ""
| #define PACKAGE_URL ""
| #define PACKAGE "audit"
| #define VERSION "2.4.1"
| #define STDC_HEADERS 1
| #define HAVE_SYS_TYPES_H 1
| #define HAVE_SYS_STAT_H 1
| #define HAVE_STDLIB_H 1
| #define HAVE_STRING_H 1
| #define HAVE_MEMORY_H 1
| #define HAVE_STRINGS_H 1
| #define HAVE_INTTYPES_H 1
| #define HAVE_STDINT_H 1
| #define HAVE_UNISTD_H 1
| #define HAVE_DLFCN_H 1
| #define LT_OBJDIR ".libs/"
| #define HAVE_SYS_INOTIFY_H 1
| #define HAVE_SYS_EPOLL_H 1
| #define HAVE_POLL_H 1
| #define HAVE_SYS_SELECT_H 1
| #define HAVE_SYS_EVENTFD_H 1
| #define HAVE_SYS_SIGNALFD_H 1
| #define HAVE_INOTIFY_INIT 1
| #define HAVE_EPOLL_CTL 1
| #define HAVE_POLL 1
| #define HAVE_SELECT 1
| #define HAVE_EVENTFD 1
| #define HAVE_SIGNALFD 1
| #define HAVE_CLOCK_GETTIME 1
| #define HAVE_NANOSLEEP 1
| /* end confdefs.h.  */
| 
| /* Override any GCC internal prototype to avoid an error.
|    Use char because int might match the return type of a GCC
|    builtin and then its argument prototype would still apply.  */
| #ifdef __cplusplus
| extern "C"
| #endif
| char floor ();
| int
| main ()
| {
| return floor ();
|   ;
|   return 0;
| }
configure:11928: arm-linux-gnueabihf-gcc -o conftest -g -O2   conftest.c -lm   >&5
conftest.c:44:6: warning: conflicting types for built-in function 'floor'
 char floor ();
      ^
configure:11928: $? = 0
configure:11945: result: -lm
configure:11971: checking for arm-linux-gnueabihf-gcc
configure:11998: result: arm-linux-gnueabihf-gcc
configure:12267: checking for C compiler version
configure:12276: arm-linux-gnueabihf-gcc --version >&5
arm-linux-gnueabihf-gcc (crosstool-NG linaro-1.13.1-4.9-2014.09 - Linaro GCC 4.9-2014.09) 4.9.2 20140904 (prerelease)
Copyright (C) 2014 Free Software Foundation, Inc.
This is free software; see the source for copying conditions.  There is NO
warranty; not even for MERCHANTABILITY or FITNESS FOR A PARTICULAR PURPOSE.

configure:12287: $? = 0
configure:12276: arm-linux-gnueabihf-gcc -v >&5
Using built-in specs.
COLLECT_GCC=arm-linux-gnueabihf-gcc
COLLECT_LTO_WRAPPER=/home/ecank/1511/toolchain/arm-linux-gnueabihf/bin/../libexec/gcc/arm-linux-gnueabihf/4.9.2/lto-wrapper
Target: arm-linux-gnueabihf
Configured with: /cbuild/slaves/oorts/crosstool-ng/builds/arm-linux-gnueabihf-linux/.build/src/gcc-linaro-4.9-2014.09/configure --build=i686-build_pc-linux-gnu --host=i686-build_pc-linux-gnu --target=arm-linux-gnueabihf --prefix=/cbuild/slaves/oorts/crosstool-ng/builds/arm-linux-gnueabihf-linux/install --with-sysroot=/cbuild/slaves/oorts/crosstool-ng/builds/arm-linux-gnueabihf-linux/install/arm-linux-gnueabihf/libc --enable-languages=c,c++,fortran --disable-multilib --enable-multiarch --with-arch=armv7-a --with-tune=cortex-a9 --with-fpu=vfpv3-d16 --with-float=hard --with-pkgversion='crosstool-NG linaro-1.13.1-4.9-2014.09 - Linaro GCC 4.9-2014.09' --with-bugurl=https://bugs.launchpad.net/gcc-linaro --enable-__cxa_atexit --enable-libmudflap --enable-libgomp --enable-libssp --with-gmp=/cbuild/slaves/oorts/crosstool-ng/builds/arm-linux-gnueabihf-linux/.build/arm-linux-gnueabihf/build/static --with-mpfr=/cbuild/slaves/oorts/crosstool-ng/builds/arm-linux-gnueabihf-linux/.build/arm-linux-gnueabihf/build/static --with-mpc=/cbuild/slaves/oorts/crosstool-ng/builds/arm-linux-gnueabihf-linux/.build/arm-linux-gnueabihf/build/static --with-isl=/cbuild/slaves/oorts/crosstool-ng/builds/arm-linux-gnueabihf-linux/.build/arm-linux-gnueabihf/build/static --with-cloog=/cbuild/slaves/oorts/crosstool-ng/builds/arm-linux-gnueabihf-linux/.build/arm-linux-gnueabihf/build/static --with-libelf=/cbuild/slaves/oorts/crosstool-ng/builds/arm-linux-gnueabihf-linux/.build/arm-linux-gnueabihf/build/static --enable-threads=posix --disable-libstdcxx-pch --enable-linker-build-id --enable-plugin --enable-gold --with-local-prefix=/cbuild/slaves/oorts/crosstool-ng/builds/arm-linux-gnueabihf-linux/install/arm-linux-gnueabihf/libc --enable-c99 --enable-long-long --with-mode=thumb --disable-multilib --with-float=hard
Thread model: posix
gcc version 4.9.2 20140904 (prerelease) (crosstool-NG linaro-1.13.1-4.9-2014.09 - Linaro GCC 4.9-2014.09) 
configure:12287: $? = 0
configure:12276: arm-linux-gnueabihf-gcc -V >&5
arm-linux-gnueabihf-gcc: error: unrecognized command line option '-V'
arm-linux-gnueabihf-gcc: fatal error: no input files
compilation terminated.
configure:12287: $? = 1
configure:12276: arm-linux-gnueabihf-gcc -qversion >&5
arm-linux-gnueabihf-gcc: error: unrecognized command line option '-qversion'
arm-linux-gnueabihf-gcc: fatal error: no input files
compilation terminated.
configure:12287: $? = 1
configure:12291: checking whether we are using the GNU C compiler
configure:12319: result: yes
configure:12328: checking whether arm-linux-gnueabihf-gcc accepts -g
configure:12389: result: yes
configure:12406: checking for arm-linux-gnueabihf-gcc option to accept ISO C89
configure:12482: result: none needed
configure:12504: checking dependency style of arm-linux-gnueabihf-gcc
configure:12615: result: gcc3
configure:12635: checking for gawk
configure:12662: result: gawk
configure:12676: checking for ANSI C header files
configure:12780: result: yes
configure:12788: checking whether time.h and sys/time.h may both be included
configure:12808: arm-linux-gnueabihf-gcc -c -g -O2  conftest.c >&5
configure:12808: $? = 0
configure:12815: result: yes
configure:12824: checking for an ANSI C-conforming const
configure:12890: arm-linux-gnueabihf-gcc -c -g -O2  conftest.c >&5
configure:12890: $? = 0
configure:12897: result: yes
configure:12905: checking for inline
configure:12921: arm-linux-gnueabihf-gcc -c -g -O2  conftest.c >&5
configure:12921: $? = 0
configure:12929: result: inline
configure:12951: checking size of unsigned int
configure:12956: arm-linux-gnueabihf-gcc -c -g -O2  conftest.c >&5
configure:12956: $? = 0
configure:12956: arm-linux-gnueabihf-gcc -c -g -O2  conftest.c >&5
conftest.c: In function 'main':
conftest.c:76:12: error: size of array 'test_array' is negative
 static int test_array [1 - 2 * !(((long int) (sizeof (unsigned int))) <= 0)];
            ^
configure:12956: $? = 1
configure: failed program was:
| /* confdefs.h */
| #define PACKAGE_NAME "audit"
| #define PACKAGE_TARNAME "audit"
| #define PACKAGE_VERSION "2.4.1"
| #define PACKAGE_STRING "audit 2.4.1"
| #define PACKAGE_BUGREPORT ""
| #define PACKAGE_URL ""
| #define PACKAGE "audit"
| #define VERSION "2.4.1"
| #define STDC_HEADERS 1
| #define HAVE_SYS_TYPES_H 1
| #define HAVE_SYS_STAT_H 1
| #define HAVE_STDLIB_H 1
| #define HAVE_STRING_H 1
| #define HAVE_MEMORY_H 1
| #define HAVE_STRINGS_H 1
| #define HAVE_INTTYPES_H 1
| #define HAVE_STDINT_H 1
| #define HAVE_UNISTD_H 1
| #define HAVE_DLFCN_H 1
| #define LT_OBJDIR ".libs/"
| #define HAVE_SYS_INOTIFY_H 1
| #define HAVE_SYS_EPOLL_H 1
| #define HAVE_POLL_H 1
| #define HAVE_SYS_SELECT_H 1
| #define HAVE_SYS_EVENTFD_H 1
| #define HAVE_SYS_SIGNALFD_H 1
| #define HAVE_INOTIFY_INIT 1
| #define HAVE_EPOLL_CTL 1
| #define HAVE_POLL 1
| #define HAVE_SELECT 1
| #define HAVE_EVENTFD 1
| #define HAVE_SIGNALFD 1
| #define HAVE_CLOCK_GETTIME 1
| #define HAVE_NANOSLEEP 1
| #define HAVE_FLOOR 1
| #define STDC_HEADERS 1
| #define TIME_WITH_SYS_TIME 1
| /* end confdefs.h.  */
| #include <stdio.h>
| #ifdef HAVE_SYS_TYPES_H
| # include <sys/types.h>
| #endif
| #ifdef HAVE_SYS_STAT_H
| # include <sys/stat.h>
| #endif
| #ifdef STDC_HEADERS
| # include <stdlib.h>
| # include <stddef.h>
| #else
| # ifdef HAVE_STDLIB_H
| #  include <stdlib.h>
| # endif
| #endif
| #ifdef HAVE_STRING_H
| # if !defined STDC_HEADERS && defined HAVE_MEMORY_H
| #  include <memory.h>
| # endif
| # include <string.h>
| #endif
| #ifdef HAVE_STRINGS_H
| # include <strings.h>
| #endif
| #ifdef HAVE_INTTYPES_H
| # include <inttypes.h>
| #endif
| #ifdef HAVE_STDINT_H
| # include <stdint.h>
| #endif
| #ifdef HAVE_UNISTD_H
| # include <unistd.h>
| #endif
| int
| main ()
| {
| static int test_array [1 - 2 * !(((long int) (sizeof (unsigned int))) <= 0)];
| test_array [0] = 0;
| return test_array [0];
| 
|   ;
|   return 0;
| }
configure:12956: arm-linux-gnueabihf-gcc -c -g -O2  conftest.c >&5
conftest.c: In function 'main':
conftest.c:76:12: error: size of array 'test_array' is negative
 static int test_array [1 - 2 * !(((long int) (sizeof (unsigned int))) <= 1)];
            ^
configure:12956: $? = 1
configure: failed program was:
| /* confdefs.h */
| #define PACKAGE_NAME "audit"
| #define PACKAGE_TARNAME "audit"
| #define PACKAGE_VERSION "2.4.1"
| #define PACKAGE_STRING "audit 2.4.1"
| #define PACKAGE_BUGREPORT ""
| #define PACKAGE_URL ""
| #define PACKAGE "audit"
| #define VERSION "2.4.1"
| #define STDC_HEADERS 1
| #define HAVE_SYS_TYPES_H 1
| #define HAVE_SYS_STAT_H 1
| #define HAVE_STDLIB_H 1
| #define HAVE_STRING_H 1
| #define HAVE_MEMORY_H 1
| #define HAVE_STRINGS_H 1
| #define HAVE_INTTYPES_H 1
| #define HAVE_STDINT_H 1
| #define HAVE_UNISTD_H 1
| #define HAVE_DLFCN_H 1
| #define LT_OBJDIR ".libs/"
| #define HAVE_SYS_INOTIFY_H 1
| #define HAVE_SYS_EPOLL_H 1
| #define HAVE_POLL_H 1
| #define HAVE_SYS_SELECT_H 1
| #define HAVE_SYS_EVENTFD_H 1
| #define HAVE_SYS_SIGNALFD_H 1
| #define HAVE_INOTIFY_INIT 1
| #define HAVE_EPOLL_CTL 1
| #define HAVE_POLL 1
| #define HAVE_SELECT 1
| #define HAVE_EVENTFD 1
| #define HAVE_SIGNALFD 1
| #define HAVE_CLOCK_GETTIME 1
| #define HAVE_NANOSLEEP 1
| #define HAVE_FLOOR 1
| #define STDC_HEADERS 1
| #define TIME_WITH_SYS_TIME 1
| /* end confdefs.h.  */
| #include <stdio.h>
| #ifdef HAVE_SYS_TYPES_H
| # include <sys/types.h>
| #endif
| #ifdef HAVE_SYS_STAT_H
| # include <sys/stat.h>
| #endif
| #ifdef STDC_HEADERS
| # include <stdlib.h>
| # include <stddef.h>
| #else
| # ifdef HAVE_STDLIB_H
| #  include <stdlib.h>
| # endif
| #endif
| #ifdef HAVE_STRING_H
| # if !defined STDC_HEADERS && defined HAVE_MEMORY_H
| #  include <memory.h>
| # endif
| # include <string.h>
| #endif
| #ifdef HAVE_STRINGS_H
| # include <strings.h>
| #endif
| #ifdef HAVE_INTTYPES_H
| # include <inttypes.h>
| #endif
| #ifdef HAVE_STDINT_H
| # include <stdint.h>
| #endif
| #ifdef HAVE_UNISTD_H
| # include <unistd.h>
| #endif
| int
| main ()
| {
| static int test_array [1 - 2 * !(((long int) (sizeof (unsigned int))) <= 1)];
| test_array [0] = 0;
| return test_array [0];
| 
|   ;
|   return 0;
| }
configure:12956: arm-linux-gnueabihf-gcc -c -g -O2  conftest.c >&5
conftest.c: In function 'main':
conftest.c:76:12: error: size of array 'test_array' is negative
 static int test_array [1 - 2 * !(((long int) (sizeof (unsigned int))) <= 3)];
            ^
configure:12956: $? = 1
configure: failed program was:
| /* confdefs.h */
| #define PACKAGE_NAME "audit"
| #define PACKAGE_TARNAME "audit"
| #define PACKAGE_VERSION "2.4.1"
| #define PACKAGE_STRING "audit 2.4.1"
| #define PACKAGE_BUGREPORT ""
| #define PACKAGE_URL ""
| #define PACKAGE "audit"
| #define VERSION "2.4.1"
| #define STDC_HEADERS 1
| #define HAVE_SYS_TYPES_H 1
| #define HAVE_SYS_STAT_H 1
| #define HAVE_STDLIB_H 1
| #define HAVE_STRING_H 1
| #define HAVE_MEMORY_H 1
| #define HAVE_STRINGS_H 1
| #define HAVE_INTTYPES_H 1
| #define HAVE_STDINT_H 1
| #define HAVE_UNISTD_H 1
| #define HAVE_DLFCN_H 1
| #define LT_OBJDIR ".libs/"
| #define HAVE_SYS_INOTIFY_H 1
| #define HAVE_SYS_EPOLL_H 1
| #define HAVE_POLL_H 1
| #define HAVE_SYS_SELECT_H 1
| #define HAVE_SYS_EVENTFD_H 1
| #define HAVE_SYS_SIGNALFD_H 1
| #define HAVE_INOTIFY_INIT 1
| #define HAVE_EPOLL_CTL 1
| #define HAVE_POLL 1
| #define HAVE_SELECT 1
| #define HAVE_EVENTFD 1
| #define HAVE_SIGNALFD 1
| #define HAVE_CLOCK_GETTIME 1
| #define HAVE_NANOSLEEP 1
| #define HAVE_FLOOR 1
| #define STDC_HEADERS 1
| #define TIME_WITH_SYS_TIME 1
| /* end confdefs.h.  */
| #include <stdio.h>
| #ifdef HAVE_SYS_TYPES_H
| # include <sys/types.h>
| #endif
| #ifdef HAVE_SYS_STAT_H
| # include <sys/stat.h>
| #endif
| #ifdef STDC_HEADERS
| # include <stdlib.h>
| # include <stddef.h>
| #else
| # ifdef HAVE_STDLIB_H
| #  include <stdlib.h>
| # endif
| #endif
| #ifdef HAVE_STRING_H
| # if !defined STDC_HEADERS && defined HAVE_MEMORY_H
| #  include <memory.h>
| # endif
| # include <string.h>
| #endif
| #ifdef HAVE_STRINGS_H
| # include <strings.h>
| #endif
| #ifdef HAVE_INTTYPES_H
| # include <inttypes.h>
| #endif
| #ifdef HAVE_STDINT_H
| # include <stdint.h>
| #endif
| #ifdef HAVE_UNISTD_H
| # include <unistd.h>
| #endif
| int
| main ()
| {
| static int test_array [1 - 2 * !(((long int) (sizeof (unsigned int))) <= 3)];
| test_array [0] = 0;
| return test_array [0];
| 
|   ;
|   return 0;
| }
configure:12956: arm-linux-gnueabihf-gcc -c -g -O2  conftest.c >&5
configure:12956: $? = 0
configure:12956: arm-linux-gnueabihf-gcc -c -g -O2  conftest.c >&5
configure:12956: $? = 0
configure:12956: arm-linux-gnueabihf-gcc -c -g -O2  conftest.c >&5
configure:12956: $? = 0
configure:12970: result: 4
configure:12984: checking size of unsigned long
configure:12989: arm-linux-gnueabihf-gcc -c -g -O2  conftest.c >&5
configure:12989: $? = 0
configure:12989: arm-linux-gnueabihf-gcc -c -g -O2  conftest.c >&5
conftest.c: In function 'main':
conftest.c:77:12: error: size of array 'test_array' is negative
 static int test_array [1 - 2 * !(((long int) (sizeof (unsigned long))) <= 0)];
            ^
configure:12989: $? = 1
configure: failed program was:
| /* confdefs.h */
| #define PACKAGE_NAME "audit"
| #define PACKAGE_TARNAME "audit"
| #define PACKAGE_VERSION "2.4.1"
| #define PACKAGE_STRING "audit 2.4.1"
| #define PACKAGE_BUGREPORT ""
| #define PACKAGE_URL ""
| #define PACKAGE "audit"
| #define VERSION "2.4.1"
| #define STDC_HEADERS 1
| #define HAVE_SYS_TYPES_H 1
| #define HAVE_SYS_STAT_H 1
| #define HAVE_STDLIB_H 1
| #define HAVE_STRING_H 1
| #define HAVE_MEMORY_H 1
| #define HAVE_STRINGS_H 1
| #define HAVE_INTTYPES_H 1
| #define HAVE_STDINT_H 1
| #define HAVE_UNISTD_H 1
| #define HAVE_DLFCN_H 1
| #define LT_OBJDIR ".libs/"
| #define HAVE_SYS_INOTIFY_H 1
| #define HAVE_SYS_EPOLL_H 1
| #define HAVE_POLL_H 1
| #define HAVE_SYS_SELECT_H 1
| #define HAVE_SYS_EVENTFD_H 1
| #define HAVE_SYS_SIGNALFD_H 1
| #define HAVE_INOTIFY_INIT 1
| #define HAVE_EPOLL_CTL 1
| #define HAVE_POLL 1
| #define HAVE_SELECT 1
| #define HAVE_EVENTFD 1
| #define HAVE_SIGNALFD 1
| #define HAVE_CLOCK_GETTIME 1
| #define HAVE_NANOSLEEP 1
| #define HAVE_FLOOR 1
| #define STDC_HEADERS 1
| #define TIME_WITH_SYS_TIME 1
| #define SIZEOF_UNSIGNED_INT 4
| /* end confdefs.h.  */
| #include <stdio.h>
| #ifdef HAVE_SYS_TYPES_H
| # include <sys/types.h>
| #endif
| #ifdef HAVE_SYS_STAT_H
| # include <sys/stat.h>
| #endif
| #ifdef STDC_HEADERS
| # include <stdlib.h>
| # include <stddef.h>
| #else
| # ifdef HAVE_STDLIB_H
| #  include <stdlib.h>
| # endif
| #endif
| #ifdef HAVE_STRING_H
| # if !defined STDC_HEADERS && defined HAVE_MEMORY_H
| #  include <memory.h>
| # endif
| # include <string.h>
| #endif
| #ifdef HAVE_STRINGS_H
| # include <strings.h>
| #endif
| #ifdef HAVE_INTTYPES_H
| # include <inttypes.h>
| #endif
| #ifdef HAVE_STDINT_H
| # include <stdint.h>
| #endif
| #ifdef HAVE_UNISTD_H
| # include <unistd.h>
| #endif
| int
| main ()
| {
| static int test_array [1 - 2 * !(((long int) (sizeof (unsigned long))) <= 0)];
| test_array [0] = 0;
| return test_array [0];
| 
|   ;
|   return 0;
| }
configure:12989: arm-linux-gnueabihf-gcc -c -g -O2  conftest.c >&5
conftest.c: In function 'main':
conftest.c:77:12: error: size of array 'test_array' is negative
 static int test_array [1 - 2 * !(((long int) (sizeof (unsigned long))) <= 1)];
            ^
configure:12989: $? = 1
configure: failed program was:
| /* confdefs.h */
| #define PACKAGE_NAME "audit"
| #define PACKAGE_TARNAME "audit"
| #define PACKAGE_VERSION "2.4.1"
| #define PACKAGE_STRING "audit 2.4.1"
| #define PACKAGE_BUGREPORT ""
| #define PACKAGE_URL ""
| #define PACKAGE "audit"
| #define VERSION "2.4.1"
| #define STDC_HEADERS 1
| #define HAVE_SYS_TYPES_H 1
| #define HAVE_SYS_STAT_H 1
| #define HAVE_STDLIB_H 1
| #define HAVE_STRING_H 1
| #define HAVE_MEMORY_H 1
| #define HAVE_STRINGS_H 1
| #define HAVE_INTTYPES_H 1
| #define HAVE_STDINT_H 1
| #define HAVE_UNISTD_H 1
| #define HAVE_DLFCN_H 1
| #define LT_OBJDIR ".libs/"
| #define HAVE_SYS_INOTIFY_H 1
| #define HAVE_SYS_EPOLL_H 1
| #define HAVE_POLL_H 1
| #define HAVE_SYS_SELECT_H 1
| #define HAVE_SYS_EVENTFD_H 1
| #define HAVE_SYS_SIGNALFD_H 1
| #define HAVE_INOTIFY_INIT 1
| #define HAVE_EPOLL_CTL 1
| #define HAVE_POLL 1
| #define HAVE_SELECT 1
| #define HAVE_EVENTFD 1
| #define HAVE_SIGNALFD 1
| #define HAVE_CLOCK_GETTIME 1
| #define HAVE_NANOSLEEP 1
| #define HAVE_FLOOR 1
| #define STDC_HEADERS 1
| #define TIME_WITH_SYS_TIME 1
| #define SIZEOF_UNSIGNED_INT 4
| /* end confdefs.h.  */
| #include <stdio.h>
| #ifdef HAVE_SYS_TYPES_H
| # include <sys/types.h>
| #endif
| #ifdef HAVE_SYS_STAT_H
| # include <sys/stat.h>
| #endif
| #ifdef STDC_HEADERS
| # include <stdlib.h>
| # include <stddef.h>
| #else
| # ifdef HAVE_STDLIB_H
| #  include <stdlib.h>
| # endif
| #endif
| #ifdef HAVE_STRING_H
| # if !defined STDC_HEADERS && defined HAVE_MEMORY_H
| #  include <memory.h>
| # endif
| # include <string.h>
| #endif
| #ifdef HAVE_STRINGS_H
| # include <strings.h>
| #endif
| #ifdef HAVE_INTTYPES_H
| # include <inttypes.h>
| #endif
| #ifdef HAVE_STDINT_H
| # include <stdint.h>
| #endif
| #ifdef HAVE_UNISTD_H
| # include <unistd.h>
| #endif
| int
| main ()
| {
| static int test_array [1 - 2 * !(((long int) (sizeof (unsigned long))) <= 1)];
| test_array [0] = 0;
| return test_array [0];
| 
|   ;
|   return 0;
| }
configure:12989: arm-linux-gnueabihf-gcc -c -g -O2  conftest.c >&5
conftest.c: In function 'main':
conftest.c:77:12: error: size of array 'test_array' is negative
 static int test_array [1 - 2 * !(((long int) (sizeof (unsigned long))) <= 3)];
            ^
configure:12989: $? = 1
configure: failed program was:
| /* confdefs.h */
| #define PACKAGE_NAME "audit"
| #define PACKAGE_TARNAME "audit"
| #define PACKAGE_VERSION "2.4.1"
| #define PACKAGE_STRING "audit 2.4.1"
| #define PACKAGE_BUGREPORT ""
| #define PACKAGE_URL ""
| #define PACKAGE "audit"
| #define VERSION "2.4.1"
| #define STDC_HEADERS 1
| #define HAVE_SYS_TYPES_H 1
| #define HAVE_SYS_STAT_H 1
| #define HAVE_STDLIB_H 1
| #define HAVE_STRING_H 1
| #define HAVE_MEMORY_H 1
| #define HAVE_STRINGS_H 1
| #define HAVE_INTTYPES_H 1
| #define HAVE_STDINT_H 1
| #define HAVE_UNISTD_H 1
| #define HAVE_DLFCN_H 1
| #define LT_OBJDIR ".libs/"
| #define HAVE_SYS_INOTIFY_H 1
| #define HAVE_SYS_EPOLL_H 1
| #define HAVE_POLL_H 1
| #define HAVE_SYS_SELECT_H 1
| #define HAVE_SYS_EVENTFD_H 1
| #define HAVE_SYS_SIGNALFD_H 1
| #define HAVE_INOTIFY_INIT 1
| #define HAVE_EPOLL_CTL 1
| #define HAVE_POLL 1
| #define HAVE_SELECT 1
| #define HAVE_EVENTFD 1
| #define HAVE_SIGNALFD 1
| #define HAVE_CLOCK_GETTIME 1
| #define HAVE_NANOSLEEP 1
| #define HAVE_FLOOR 1
| #define STDC_HEADERS 1
| #define TIME_WITH_SYS_TIME 1
| #define SIZEOF_UNSIGNED_INT 4
| /* end confdefs.h.  */
| #include <stdio.h>
| #ifdef HAVE_SYS_TYPES_H
| # include <sys/types.h>
| #endif
| #ifdef HAVE_SYS_STAT_H
| # include <sys/stat.h>
| #endif
| #ifdef STDC_HEADERS
| # include <stdlib.h>
| # include <stddef.h>
| #else
| # ifdef HAVE_STDLIB_H
| #  include <stdlib.h>
| # endif
| #endif
| #ifdef HAVE_STRING_H
| # if !defined STDC_HEADERS && defined HAVE_MEMORY_H
| #  include <memory.h>
| # endif
| # include <string.h>
| #endif
| #ifdef HAVE_STRINGS_H
| # include <strings.h>
| #endif
| #ifdef HAVE_INTTYPES_H
| # include <inttypes.h>
| #endif
| #ifdef HAVE_STDINT_H
| # include <stdint.h>
| #endif
| #ifdef HAVE_UNISTD_H
| # include <unistd.h>
| #endif
| int
| main ()
| {
| static int test_array [1 - 2 * !(((long int) (sizeof (unsigned long))) <= 3)];
| test_array [0] = 0;
| return test_array [0];
| 
|   ;
|   return 0;
| }
configure:12989: arm-linux-gnueabihf-gcc -c -g -O2  conftest.c >&5
configure:12989: $? = 0
configure:12989: arm-linux-gnueabihf-gcc -c -g -O2  conftest.c >&5
configure:12989: $? = 0
configure:12989: arm-linux-gnueabihf-gcc -c -g -O2  conftest.c >&5
configure:12989: $? = 0
configure:13003: result: 4
configure:13014: checking whether arm-linux-gnueabihf-gcc and cc understand -c and -o together
configure:13045: arm-linux-gnueabihf-gcc -c conftest.c -o conftest2.o >&5
configure:13049: $? = 0
configure:13055: arm-linux-gnueabihf-gcc -c conftest.c -o conftest2.o >&5
configure:13059: $? = 0
configure:13070: cc -c conftest.c >&5
configure:13074: $? = 0
configure:13082: cc -c conftest.c -o conftest2.o >&5
configure:13086: $? = 0
configure:13092: cc -c conftest.c -o conftest2.o >&5
configure:13096: $? = 0
configure:13114: result: yes
configure:13139: checking whether MS_DIRSYNC is declared
configure:13139: arm-linux-gnueabihf-gcc -c -g -O2  conftest.c >&5
configure:13139: $? = 0
configure:13139: result: yes
configure:13151: checking whether AUDIT_FEATURE_VERSION is declared
configure:13151: arm-linux-gnueabihf-gcc -c -g -O2  conftest.c >&5
conftest.c: In function 'main':
conftest.c:52:10: error: 'AUDIT_FEATURE_VERSION' undeclared (first use in this function)
   (void) AUDIT_FEATURE_VERSION;
          ^
conftest.c:52:10: note: each undeclared identifier is reported only once for each function it appears in
configure:13151: $? = 1
configure: failed program was:
| /* confdefs.h */
| #define PACKAGE_NAME "audit"
| #define PACKAGE_TARNAME "audit"
| #define PACKAGE_VERSION "2.4.1"
| #define PACKAGE_STRING "audit 2.4.1"
| #define PACKAGE_BUGREPORT ""
| #define PACKAGE_URL ""
| #define PACKAGE "audit"
| #define VERSION "2.4.1"
| #define STDC_HEADERS 1
| #define HAVE_SYS_TYPES_H 1
| #define HAVE_SYS_STAT_H 1
| #define HAVE_STDLIB_H 1
| #define HAVE_STRING_H 1
| #define HAVE_MEMORY_H 1
| #define HAVE_STRINGS_H 1
| #define HAVE_INTTYPES_H 1
| #define HAVE_STDINT_H 1
| #define HAVE_UNISTD_H 1
| #define HAVE_DLFCN_H 1
| #define LT_OBJDIR ".libs/"
| #define HAVE_SYS_INOTIFY_H 1
| #define HAVE_SYS_EPOLL_H 1
| #define HAVE_POLL_H 1
| #define HAVE_SYS_SELECT_H 1
| #define HAVE_SYS_EVENTFD_H 1
| #define HAVE_SYS_SIGNALFD_H 1
| #define HAVE_INOTIFY_INIT 1
| #define HAVE_EPOLL_CTL 1
| #define HAVE_POLL 1
| #define HAVE_SELECT 1
| #define HAVE_EVENTFD 1
| #define HAVE_SIGNALFD 1
| #define HAVE_CLOCK_GETTIME 1
| #define HAVE_NANOSLEEP 1
| #define HAVE_FLOOR 1
| #define STDC_HEADERS 1
| #define TIME_WITH_SYS_TIME 1
| #define SIZEOF_UNSIGNED_INT 4
| #define SIZEOF_UNSIGNED_LONG 4
| #define HAVE_DECL_MS_DIRSYNC 1
| /* end confdefs.h.  */
| #include <linux/audit.h>
| 
| int
| main ()
| {
| #ifndef AUDIT_FEATURE_VERSION
| #ifdef __cplusplus
|   (void) AUDIT_FEATURE_VERSION;
| #else
|   (void) AUDIT_FEATURE_VERSION;
| #endif
| #endif
| 
|   ;
|   return 0;
| }
configure:13151: result: no
configure:13163: checking whether AUDIT_VERSION_BACKLOG_WAIT_TIME is declared
configure:13163: arm-linux-gnueabihf-gcc -c -g -O2  conftest.c >&5
conftest.c: In function 'main':
conftest.c:53:10: error: 'AUDIT_VERSION_BACKLOG_WAIT_TIME' undeclared (first use in this function)
   (void) AUDIT_VERSION_BACKLOG_WAIT_TIME;
          ^
conftest.c:53:10: note: each undeclared identifier is reported only once for each function it appears in
configure:13163: $? = 1
configure: failed program was:
| /* confdefs.h */
| #define PACKAGE_NAME "audit"
| #define PACKAGE_TARNAME "audit"
| #define PACKAGE_VERSION "2.4.1"
| #define PACKAGE_STRING "audit 2.4.1"
| #define PACKAGE_BUGREPORT ""
| #define PACKAGE_URL ""
| #define PACKAGE "audit"
| #define VERSION "2.4.1"
| #define STDC_HEADERS 1
| #define HAVE_SYS_TYPES_H 1
| #define HAVE_SYS_STAT_H 1
| #define HAVE_STDLIB_H 1
| #define HAVE_STRING_H 1
| #define HAVE_MEMORY_H 1
| #define HAVE_STRINGS_H 1
| #define HAVE_INTTYPES_H 1
| #define HAVE_STDINT_H 1
| #define HAVE_UNISTD_H 1
| #define HAVE_DLFCN_H 1
| #define LT_OBJDIR ".libs/"
| #define HAVE_SYS_INOTIFY_H 1
| #define HAVE_SYS_EPOLL_H 1
| #define HAVE_POLL_H 1
| #define HAVE_SYS_SELECT_H 1
| #define HAVE_SYS_EVENTFD_H 1
| #define HAVE_SYS_SIGNALFD_H 1
| #define HAVE_INOTIFY_INIT 1
| #define HAVE_EPOLL_CTL 1
| #define HAVE_POLL 1
| #define HAVE_SELECT 1
| #define HAVE_EVENTFD 1
| #define HAVE_SIGNALFD 1
| #define HAVE_CLOCK_GETTIME 1
| #define HAVE_NANOSLEEP 1
| #define HAVE_FLOOR 1
| #define STDC_HEADERS 1
| #define TIME_WITH_SYS_TIME 1
| #define SIZEOF_UNSIGNED_INT 4
| #define SIZEOF_UNSIGNED_LONG 4
| #define HAVE_DECL_MS_DIRSYNC 1
| #define HAVE_DECL_AUDIT_FEATURE_VERSION 0
| /* end confdefs.h.  */
| #include <linux/audit.h>
| 
| int
| main ()
| {
| #ifndef AUDIT_VERSION_BACKLOG_WAIT_TIME
| #ifdef __cplusplus
|   (void) AUDIT_VERSION_BACKLOG_WAIT_TIME;
| #else
|   (void) AUDIT_VERSION_BACKLOG_WAIT_TIME;
| #endif
| #endif
| 
|   ;
|   return 0;
| }
configure:13163: result: no
configure:13191: checking whether to create python bindings
configure:13206: result: testing
configure:13220: checking for python
configure:13238: found /home/ecank/1511/toolchain/arm-linux-gnueabihf/bin/python
configure:13250: result: /home/ecank/1511/toolchain/arm-linux-gnueabihf/bin/python
configure:13271: checking for python version
configure:13278: result: 2.7
configure:13290: checking for python platform
configure:13297: result: linux2
configure:13323: checking for python script directory
configure:13358: result: ${prefix}/lib/python2.7/site-packages
configure:13367: checking for python extension module directory
configure:13402: result: ${exec_prefix}/lib/python2.7/site-packages
configure:13426: error: Python explicitly required and python headers found

## ---------------- ##
## Cache variables. ##
## ---------------- ##

ac_cv_build=i686-pc-linux-gnu
ac_cv_c_compiler_gnu=yes
ac_cv_c_const=yes
ac_cv_c_inline=inline
ac_cv_env_CC_set=set
ac_cv_env_CC_value=arm-linux-gnueabihf-gcc
ac_cv_env_CFLAGS_set=
ac_cv_env_CFLAGS_value=
ac_cv_env_CPPFLAGS_set=
ac_cv_env_CPPFLAGS_value=
ac_cv_env_CPP_set=
ac_cv_env_CPP_value=
ac_cv_env_LDFLAGS_set=
ac_cv_env_LDFLAGS_value=
ac_cv_env_LIBS_set=
ac_cv_env_LIBS_value=
ac_cv_env_PYTHON_set=
ac_cv_env_PYTHON_value=
ac_cv_env_build_alias_set=
ac_cv_env_build_alias_value=
ac_cv_env_host_alias_set=set
ac_cv_env_host_alias_value=arm-linux-gnueabihf
ac_cv_env_target_alias_set=
ac_cv_env_target_alias_value=
ac_cv_func_clock_gettime=yes
ac_cv_func_epoll_ctl=yes
ac_cv_func_eventfd=yes
ac_cv_func_inotify_init=yes
ac_cv_func_kqueue=no
ac_cv_func_nanosleep=yes
ac_cv_func_poll=yes
ac_cv_func_port_create=no
ac_cv_func_select=yes
ac_cv_func_signalfd=yes
ac_cv_have_decl_AUDIT_FEATURE_VERSION=no
ac_cv_have_decl_AUDIT_VERSION_BACKLOG_WAIT_TIME=no
ac_cv_have_decl_MS_DIRSYNC=yes
ac_cv_header_dlfcn_h=yes
ac_cv_header_inttypes_h=yes
ac_cv_header_memory_h=yes
ac_cv_header_poll_h=yes
ac_cv_header_port_h=no
ac_cv_header_stdc=yes
ac_cv_header_stdint_h=yes
ac_cv_header_stdlib_h=yes
ac_cv_header_string_h=yes
ac_cv_header_strings_h=yes
ac_cv_header_sys_epoll_h=yes
ac_cv_header_sys_event_h=no
ac_cv_header_sys_eventfd_h=yes
ac_cv_header_sys_inotify_h=yes
ac_cv_header_sys_select_h=yes
ac_cv_header_sys_signalfd_h=yes
ac_cv_header_sys_stat_h=yes
ac_cv_header_sys_types_h=yes
ac_cv_header_time=yes
ac_cv_header_unistd_h=yes
ac_cv_host=arm-unknown-linux-gnueabihf
ac_cv_objext=o
ac_cv_path_EGREP='/usr/bin/grep -E'
ac_cv_path_FGREP='/usr/bin/grep -F'
ac_cv_path_GREP=/usr/bin/grep
ac_cv_path_PYTHON=/home/ecank/1511/toolchain/arm-linux-gnueabihf/bin/python
ac_cv_path_SED=/usr/bin/sed
ac_cv_path_install='/usr/bin/install -c'
ac_cv_path_mkdir=/usr/bin/mkdir
ac_cv_prog_AR=arm-linux-gnueabihf-ar
ac_cv_prog_AWK=gawk
ac_cv_prog_CC=arm-linux-gnueabihf-gcc
ac_cv_prog_CPP='arm-linux-gnueabihf-gcc -E'
ac_cv_prog_OBJDUMP=arm-linux-gnueabihf-objdump
ac_cv_prog_RANLIB=arm-linux-gnueabihf-ranlib
ac_cv_prog_STRIP=arm-linux-gnueabihf-strip
ac_cv_prog_cc_arm_linux_gnueabihf_gcc_c_o=yes
ac_cv_prog_cc_c89=
ac_cv_prog_cc_g=yes
ac_cv_prog_make_make_set=yes
ac_cv_search_floor=-lm
ac_cv_sizeof_unsigned_int=4
ac_cv_sizeof_unsigned_long=4
ac_cv_target=arm-unknown-linux-gnueabihf
am_cv_CC_dependencies_compiler_type=gcc3
am_cv_make_support_nested_variables=yes
am_cv_python_platform=linux2
am_cv_python_pyexecdir='${exec_prefix}/lib/python2.7/site-packages'
am_cv_python_pythondir='${prefix}/lib/python2.7/site-packages'
am_cv_python_version=2.7
lt_cv_ar_at_file=@
lt_cv_archive_cmds_need_lc=no
lt_cv_deplibs_check_method=pass_all
lt_cv_file_magic_cmd='$MAGIC_CMD'
lt_cv_file_magic_test_file=
lt_cv_ld_reload_flag=-r
lt_cv_nm_interface='BSD nm'
lt_cv_objdir=.libs
lt_cv_path_LD=/home/ecank/1511/toolchain/arm-linux-gnueabihf/arm-linux-gnueabihf/bin/ld
lt_cv_path_NM='/home/ecank/1511/toolchain/arm-linux-gnueabihf/bin/arm-linux-gnueabihf-nm -B'
lt_cv_path_mainfest_tool=no
lt_cv_prog_compiler_c_o=yes
lt_cv_prog_compiler_pic='-fPIC -DPIC'
lt_cv_prog_compiler_pic_works=yes
lt_cv_prog_compiler_rtti_exceptions=no
lt_cv_prog_compiler_static_works=yes
lt_cv_prog_gnu_ld=yes
lt_cv_sharedlib_from_linklib_cmd='printf %s\n'
lt_cv_shlibpath_overrides_runpath=no
lt_cv_sys_global_symbol_pipe='sed -n -e '\''s/^.*[	 ]\([ABCDGIRSTW][ABCDGIRSTW]*\)[	 ][	 ]*\([_A-Za-z][_A-Za-z0-9]*\)$/\1 \2 \2/p'\'' | sed '\''/ __gnu_lto/d'\'''
lt_cv_sys_global_symbol_to_c_name_address='sed -n -e '\''s/^: \([^ ]*\)[ ]*$/  {\"\1\", (void *) 0},/p'\'' -e '\''s/^[ABCDGIRSTW]* \([^ ]*\) \([^ ]*\)$/  {"\2", (void *) \&\2},/p'\'''
lt_cv_sys_global_symbol_to_c_name_address_lib_prefix='sed -n -e '\''s/^: \([^ ]*\)[ ]*$/  {\"\1\", (void *) 0},/p'\'' -e '\''s/^[ABCDGIRSTW]* \([^ ]*\) \(lib[^ ]*\)$/  {"\2", (void *) \&\2},/p'\'' -e '\''s/^[ABCDGIRSTW]* \([^ ]*\) \([^ ]*\)$/  {"lib\2", (void *) \&\2},/p'\'''
lt_cv_sys_global_symbol_to_cdecl='sed -n -e '\''s/^T .* \(.*\)$/extern int \1();/p'\'' -e '\''s/^[ABCDGIRSTW]* .* \(.*\)$/extern char \1;/p'\'''
lt_cv_sys_max_cmd_len=1572864
lt_cv_to_host_file_cmd=func_convert_file_noop
lt_cv_to_tool_file_cmd=func_convert_file_noop

## ----------------- ##
## Output variables. ##
## ----------------- ##

ACLOCAL='${SHELL} /home/ecank/1511/tools/audit-2.4.1/missing aclocal-1.13'
AMDEPBACKSLASH='\'
AMDEP_FALSE='#'
AMDEP_TRUE=''
AMTAR='$${TAR-tar}'
AM_BACKSLASH='\'
AM_DEFAULT_V='$(AM_DEFAULT_VERBOSITY)'
AM_DEFAULT_VERBOSITY='1'
AM_V='$(V)'
AR='arm-linux-gnueabihf-ar'
AUTOCONF='${SHELL} /home/ecank/1511/tools/audit-2.4.1/missing autoconf'
AUTOHEADER='${SHELL} /home/ecank/1511/tools/audit-2.4.1/missing autoheader'
AUTOMAKE='${SHELL} /home/ecank/1511/tools/audit-2.4.1/missing automake-1.13'
AWK='gawk'
CAPNG_LDADD=''
CC='arm-linux-gnueabihf-gcc'
CCDEPMODE='depmode=gcc3'
CFLAGS='-g -O2'
CPP='arm-linux-gnueabihf-gcc -E'
CPPFLAGS=''
CYGPATH_W='echo'
DEBUG=''
DEBUG_FALSE=''
DEBUG_TRUE=''
DEFS=''
DEPDIR='.deps'
DLLTOOL='false'
DSYMUTIL=''
DUMPBIN=''
ECHO_C=''
ECHO_N='-n'
ECHO_T=''
EGREP='/usr/bin/grep -E'
ENABLE_GSSAPI_FALSE=''
ENABLE_GSSAPI_TRUE=''
ENABLE_LISTENER_FALSE=''
ENABLE_LISTENER_TRUE=''
ENABLE_SYSTEMD_FALSE=''
ENABLE_SYSTEMD_TRUE=''
EXEEXT=''
FGREP='/usr/bin/grep -F'
GOLANG=''
GOROOT=''
GREP='/usr/bin/grep'
HAVE_GOLANG_FALSE=''
HAVE_GOLANG_TRUE=''
HAVE_PRELUDE_FALSE=''
HAVE_PRELUDE_TRUE=''
HAVE_PYTHON_FALSE=''
HAVE_PYTHON_TRUE=''
INSTALL_DATA='${INSTALL} -m 644'
INSTALL_PROGRAM='${INSTALL}'
INSTALL_SCRIPT='${INSTALL}'
INSTALL_STRIP_PROGRAM='$(install_sh) -c -s'
LD='/home/ecank/1511/toolchain/arm-linux-gnueabihf/arm-linux-gnueabihf/bin/ld'
LDFLAGS=''
LIBOBJS=''
LIBPRELUDE_CFLAGS=''
LIBPRELUDE_LDFLAGS=''
LIBS=''
LIBTOOL='$(SHELL) $(top_builddir)/libtool'
LIBTOOL_DEPS='./ltmain.sh'
LIBWRAP_LIBS=''
LIPO=''
LN_S='ln -s'
LTLIBOBJS=''
MAKEINFO='${SHELL} /home/ecank/1511/tools/audit-2.4.1/missing makeinfo'
MANIFEST_TOOL=':'
MKDIR_P='/usr/bin/mkdir -p'
NM='/home/ecank/1511/toolchain/arm-linux-gnueabihf/bin/arm-linux-gnueabihf-nm -B'
NMEDIT=''
OBJDUMP='arm-linux-gnueabihf-objdump'
OBJEXT='o'
OTOOL64=''
OTOOL=''
PACKAGE='audit'
PACKAGE_BUGREPORT=''
PACKAGE_NAME='audit'
PACKAGE_STRING='audit 2.4.1'
PACKAGE_TARNAME='audit'
PACKAGE_URL=''
PACKAGE_VERSION='2.4.1'
PATH_SEPARATOR=':'
PYINCLUDEDIR='/python/include/python2.7'
PYTHON='/home/ecank/1511/toolchain/arm-linux-gnueabihf/bin/python'
PYTHON_EXEC_PREFIX='${exec_prefix}'
PYTHON_PLATFORM='linux2'
PYTHON_PREFIX='${prefix}'
PYTHON_VERSION='2.7'
RANLIB='arm-linux-gnueabihf-ranlib'
SED='/usr/bin/sed'
SET_MAKE=''
SHELL='/bin/sh'
STRIP='arm-linux-gnueabihf-strip'
USE_AARCH64_FALSE=''
USE_AARCH64_TRUE=''
USE_ALPHA_FALSE=''
USE_ALPHA_TRUE=''
USE_ARM_FALSE=''
USE_ARM_TRUE=''
VERSION='2.4.1'
ac_ct_AR=''
ac_ct_CC=''
ac_ct_DUMPBIN=''
am__EXEEXT_FALSE=''
am__EXEEXT_TRUE=''
am__fastdepCC_FALSE='#'
am__fastdepCC_TRUE=''
am__include='include'
am__isrc=''
am__leading_dot='.'
am__nodep='_no'
am__quote=''
am__tar='$${TAR-tar} chof - "$$tardir"'
am__untar='$${TAR-tar} xf -'
bindir='${exec_prefix}/bin'
build='i686-pc-linux-gnu'
build_alias=''
build_cpu='i686'
build_os='linux-gnu'
build_vendor='pc'
datadir='${datarootdir}'
datarootdir='${prefix}/share'
docdir='${datarootdir}/doc/${PACKAGE_TARNAME}'
dvidir='${docdir}'
exec_prefix='NONE'
gobind_dir=''
gss_libs=''
host='arm-unknown-linux-gnueabihf'
host_alias='arm-linux-gnueabihf'
host_cpu='arm'
host_os='linux-gnueabihf'
host_vendor='unknown'
htmldir='${docdir}'
includedir='${prefix}/include'
infodir='${datarootdir}/info'
install_sh='${SHELL} /home/ecank/1511/tools/audit-2.4.1/install-sh'
libdir='${exec_prefix}/lib'
libexecdir='${exec_prefix}/libexec'
localedir='${datarootdir}/locale'
localstatedir='${prefix}/var'
mandir='${datarootdir}/man'
mkdir_p='$(MKDIR_P)'
oldincludedir='/usr/include'
pdfdir='${docdir}'
pkgpyexecdir='${pyexecdir}/audit'
pkgpythondir='${pythondir}/audit'
prefix='NONE'
program_transform_name='s,x,x,'
psdir='${docdir}'
pybind_dir=''
pyexecdir='${exec_prefix}/lib/python2.7/site-packages'
pythondir='${prefix}/lib/python2.7/site-packages'
sbindir='/sbin'
sharedstatedir='${prefix}/com'
sysconfdir='${prefix}/etc'
target='arm-unknown-linux-gnueabihf'
target_alias=''
target_cpu='arm'
target_os='linux-gnueabihf'
target_vendor='unknown'

## ----------- ##
## confdefs.h. ##
## ----------- ##

/* confdefs.h */
#define PACKAGE_NAME "audit"
#define PACKAGE_TARNAME "audit"
#define PACKAGE_VERSION "2.4.1"
#define PACKAGE_STRING "audit 2.4.1"
#define PACKAGE_BUGREPORT ""
#define PACKAGE_URL ""
#define PACKAGE "audit"
#define VERSION "2.4.1"
#define STDC_HEADERS 1
#define HAVE_SYS_TYPES_H 1
#define HAVE_SYS_STAT_H 1
#define HAVE_STDLIB_H 1
#define HAVE_STRING_H 1
#define HAVE_MEMORY_H 1
#define HAVE_STRINGS_H 1
#define HAVE_INTTYPES_H 1
#define HAVE_STDINT_H 1
#define HAVE_UNISTD_H 1
#define HAVE_DLFCN_H 1
#define LT_OBJDIR ".libs/"
#define HAVE_SYS_INOTIFY_H 1
#define HAVE_SYS_EPOLL_H 1
#define HAVE_POLL_H 1
#define HAVE_SYS_SELECT_H 1
#define HAVE_SYS_EVENTFD_H 1
#define HAVE_SYS_SIGNALFD_H 1
#define HAVE_INOTIFY_INIT 1
#define HAVE_EPOLL_CTL 1
#define HAVE_POLL 1
#define HAVE_SELECT 1
#define HAVE_EVENTFD 1
#define HAVE_SIGNALFD 1
#define HAVE_CLOCK_GETTIME 1
#define HAVE_NANOSLEEP 1
#define HAVE_FLOOR 1
#define STDC_HEADERS 1
#define TIME_WITH_SYS_TIME 1
#define SIZEOF_UNSIGNED_INT 4
#define SIZEOF_UNSIGNED_LONG 4
#define HAVE_DECL_MS_DIRSYNC 1
#define HAVE_DECL_AUDIT_FEATURE_VERSION 0
#define HAVE_DECL_AUDIT_VERSION_BACKLOG_WAIT_TIME 0

configure: exit 1
